2024-05-16T22:13:15.368+03:00  INFO 23484 --- [main] o.techspot.TechspotApplication           : Starting TechspotApplication using Java 21.0.2 with PID 23484 (C:\Users\youse\OneDrive\Desktop\UNIVERSITY\Spring 2024\SWER313 - SERVICE ORIENTED ARCHITECTURE\project-object-orienters\target\classes started by youse in C:\Users\youse\OneDrive\Desktop\UNIVERSITY\Spring 2024\SWER313 - SERVICE ORIENTED ARCHITECTURE\project-object-orienters)
2024-05-16T22:13:15.369+03:00  INFO 23484 --- [main] o.techspot.TechspotApplication           : No active profile set, falling back to 1 default profile: "default"
2024-05-16T22:13:15.994+03:00  INFO 23484 --- [main] .s.d.r.c.RepositoryConfigurationDelegate : Bootstrapping Spring Data JPA repositories in DEFAULT mode.
2024-05-16T22:13:16.062+03:00  INFO 23484 --- [main] .s.d.r.c.RepositoryConfigurationDelegate : Finished Spring Data repository scanning in 52 ms. Found 11 JPA repository interfaces.
2024-05-16T22:13:16.711+03:00  INFO 23484 --- [main] o.s.b.w.embedded.tomcat.TomcatWebServer  : Tomcat initialized with port 8080 (http)
2024-05-16T22:13:16.736+03:00  INFO 23484 --- [main] o.apache.catalina.core.StandardService   : Starting service [Tomcat]
2024-05-16T22:13:16.736+03:00  INFO 23484 --- [main] o.apache.catalina.core.StandardEngine    : Starting Servlet engine: [Apache Tomcat/10.1.19]
2024-05-16T22:13:16.854+03:00  INFO 23484 --- [main] o.a.c.c.C.[Tomcat].[localhost].[/]       : Initializing Spring embedded WebApplicationContext
2024-05-16T22:13:16.854+03:00  INFO 23484 --- [main] w.s.c.ServletWebServerApplicationContext : Root WebApplicationContext: initialization completed in 1455 ms
2024-05-16T22:13:16.965+03:00  INFO 23484 --- [main] com.zaxxer.hikari.HikariDataSource       : HikariPool-1 - Starting...
2024-05-16T22:13:17.166+03:00  INFO 23484 --- [main] com.zaxxer.hikari.pool.HikariPool        : HikariPool-1 - Added connection com.mysql.cj.jdbc.ConnectionImpl@5fb8dc01
2024-05-16T22:13:17.167+03:00  INFO 23484 --- [main] com.zaxxer.hikari.HikariDataSource       : HikariPool-1 - Start completed.
2024-05-16T22:13:17.392+03:00  INFO 23484 --- [main] o.hibernate.jpa.internal.util.LogHelper  : HHH000204: Processing PersistenceUnitInfo [name: default]
2024-05-16T22:13:17.554+03:00  INFO 23484 --- [main] org.hibernate.Version                    : HHH000412: Hibernate ORM core version 6.4.4.Final
2024-05-16T22:13:17.591+03:00  INFO 23484 --- [main] o.h.c.internal.RegionFactoryInitiator    : HHH000026: Second-level cache disabled
2024-05-16T22:13:17.754+03:00  INFO 23484 --- [main] o.s.o.j.p.SpringPersistenceUnitInfo      : No LoadTimeWeaver setup: ignoring JPA class transformer
2024-05-16T22:13:17.790+03:00  WARN 23484 --- [main] org.hibernate.dialect.Dialect            : HHH000511: The 5.5.0 version for [org.hibernate.dialect.MySQLDialect] is no longer supported, hence certain features may not work properly. The minimum supported version is 8.0.0. Check the community dialects project for available legacy versions.
2024-05-16T22:13:18.529+03:00  INFO 23484 --- [main] o.h.e.t.j.p.i.JtaPlatformInitiator       : HHH000489: No JTA platform available (set 'hibernate.transaction.jta.platform' to enable JTA platform integration)
2024-05-16T22:13:18.717+03:00  INFO 23484 --- [main] j.LocalContainerEntityManagerFactoryBean : Initialized JPA EntityManagerFactory for persistence unit 'default'
2024-05-16T22:13:19.045+03:00  INFO 23484 --- [main] o.s.d.j.r.query.QueryEnhancerFactory     : Hibernate is in classpath; If applicable, HQL parser will be used.
2024-05-16T22:13:19.483+03:00  INFO 23484 --- [main] o.techspot.message.FirebaseConfig        : Initializing Firebase
2024-05-16T22:13:19.535+03:00  INFO 23484 --- [main] o.techspot.message.FirebaseConfig        : Firebase Initialized
2024-05-16T22:13:20.289+03:00  INFO 23484 --- [main] o.s.b.a.w.s.WelcomePageHandlerMapping    : Adding welcome page: class path resource [static/index.html]
2024-05-16T22:13:20.480+03:00  INFO 23484 --- [main] o.s.s.web.DefaultSecurityFilterChain     : Will secure any request with [org.springframework.security.web.session.DisableEncodeUrlFilter@709de434, org.springframework.security.web.context.request.async.WebAsyncManagerIntegrationFilter@551566a, org.springframework.security.web.context.SecurityContextHolderFilter@4f2e6db7, org.springframework.security.web.header.HeaderWriterFilter@5922338f, org.springframework.security.web.authentication.logout.LogoutFilter@50630ff7, org.springframework.security.oauth2.client.web.OAuth2AuthorizationRequestRedirectFilter@4584940b, org.springframework.security.oauth2.client.web.OAuth2LoginAuthenticationFilter@6b13d558, object_orienters.techspot.security.jwt.AuthTokenFilter@1e8b0ab5, org.springframework.security.web.authentication.UsernamePasswordAuthenticationFilter@ad620fd, org.springframework.security.web.savedrequest.RequestCacheAwareFilter@46a6368f, org.springframework.security.web.servletapi.SecurityContextHolderAwareRequestFilter@69f564ab, org.springframework.security.web.authentication.AnonymousAuthenticationFilter@3e3b5ff5, org.springframework.security.web.session.SessionManagementFilter@60b73425, org.springframework.security.web.access.ExceptionTranslationFilter@7ec00f98, org.springframework.security.web.access.intercept.AuthorizationFilter@1e2a39b7]
2024-05-16T22:13:20.753+03:00  INFO 23484 --- [main] o.s.b.w.embedded.tomcat.TomcatWebServer  : Tomcat started on port 8080 (http) with context path ''
2024-05-16T22:13:20.754+03:00  INFO 23484 --- [main] o.s.m.s.b.SimpleBrokerMessageHandler     : Starting...
2024-05-16T22:13:20.755+03:00  INFO 23484 --- [main] o.s.m.s.b.SimpleBrokerMessageHandler     : BrokerAvailabilityEvent[available=true, SimpleBrokerMessageHandler [org.springframework.messaging.simp.broker.DefaultSubscriptionRegistry@5fab1ec6]]
2024-05-16T22:13:20.755+03:00  INFO 23484 --- [main] o.s.m.s.b.SimpleBrokerMessageHandler     : Started.
2024-05-16T22:13:20.760+03:00  INFO 23484 --- [main] o.techspot.TechspotApplication           : Started TechspotApplication in 5.656 seconds (process running for 6.1)
2024-05-16T22:13:22.148+03:00  INFO 23484 --- [http-nio-8080-exec-1] o.a.c.c.C.[Tomcat].[localhost].[/]       : Initializing Spring DispatcherServlet 'dispatcherServlet'
2024-05-16T22:13:22.148+03:00  INFO 23484 --- [http-nio-8080-exec-1] o.s.web.servlet.DispatcherServlet        : Initializing Servlet 'dispatcherServlet'
2024-05-16T22:13:22.149+03:00  INFO 23484 --- [http-nio-8080-exec-1] o.s.web.servlet.DispatcherServlet        : Completed initialization in 0 ms
2024-05-16T22:13:22.318+03:00  INFO 23484 --- [http-nio-8080-exec-1] o.techspot.post.PostController           : >>>>Adding Post to Timeline... @ 2024-05-16 22:13:22.318 <<<<
2024-05-16T22:13:22.446+03:00  INFO 23484 --- [http-nio-8080-exec-1] o.techspot.post.PostController           : >>>>Post Added to Timeline. @ 2024-05-16 22:13:22.446 <<<<
2024-05-16T22:14:07.692+03:00  INFO 23484 --- [http-nio-8080-exec-7] o.techspot.post.PostController           : >>>>Adding Post to Timeline... @ 2024-05-16 22:14:07.692 <<<<
2024-05-16T22:14:07.755+03:00  INFO 23484 --- [http-nio-8080-exec-7] o.techspot.post.PostController           : >>>>Post Added to Timeline. @ 2024-05-16 22:14:07.755 <<<<
2024-05-16T22:14:14.890+03:00  INFO 23484 --- [http-nio-8080-exec-8] o.techspot.post.PostController           : >>>>Deleting Post... @ 2024-05-16 22:14:14.890 <<<<
2024-05-16T22:14:14.933+03:00  INFO 23484 --- [http-nio-8080-exec-8] o.techspot.post.PostController           : >>>>Post Deleted. @ 2024-05-16 22:14:14.932 <<<<
2024-05-16T22:14:20.740+03:00  INFO 23484 --- [MessageBroker-1] o.s.w.s.c.WebSocketMessageBrokerStats    : WebSocketSession[0 current WS(0)-HttpStream(0)-HttpPoll(0), 0 total, 0 closed abnormally (0 connect failure, 0 send limit, 0 transport error)], stompSubProtocol[processed CONNECT(0)-CONNECTED(0)-DISCONNECT(0)], stompBrokerRelay[null], inboundChannel[pool size = 0, active threads = 0, queued tasks = 0, completed tasks = 0], outboundChannel[pool size = 0, active threads = 0, queued tasks = 0, completed tasks = 0], sockJsScheduler[pool size = 1, active threads = 1, queued tasks = 0, completed tasks = 0]
2024-05-16T22:16:33.771+03:00  INFO 31740 --- [main] o.techspot.TechspotApplication           : Starting TechspotApplication using Java 21.0.2 with PID 31740 (C:\Users\youse\OneDrive\Desktop\UNIVERSITY\Spring 2024\SWER313 - SERVICE ORIENTED ARCHITECTURE\project-object-orienters\target\classes started by youse in C:\Users\youse\OneDrive\Desktop\UNIVERSITY\Spring 2024\SWER313 - SERVICE ORIENTED ARCHITECTURE\project-object-orienters)
2024-05-16T22:16:33.772+03:00  INFO 31740 --- [main] o.techspot.TechspotApplication           : No active profile set, falling back to 1 default profile: "default"
2024-05-16T22:16:34.407+03:00  INFO 31740 --- [main] .s.d.r.c.RepositoryConfigurationDelegate : Bootstrapping Spring Data JPA repositories in DEFAULT mode.
2024-05-16T22:16:34.484+03:00  INFO 31740 --- [main] .s.d.r.c.RepositoryConfigurationDelegate : Finished Spring Data repository scanning in 72 ms. Found 11 JPA repository interfaces.
2024-05-16T22:16:35.219+03:00  INFO 31740 --- [main] o.s.b.w.embedded.tomcat.TomcatWebServer  : Tomcat initialized with port 8080 (http)
2024-05-16T22:16:35.243+03:00  INFO 31740 --- [main] o.apache.catalina.core.StandardService   : Starting service [Tomcat]
2024-05-16T22:16:35.243+03:00  INFO 31740 --- [main] o.apache.catalina.core.StandardEngine    : Starting Servlet engine: [Apache Tomcat/10.1.19]
2024-05-16T22:16:35.346+03:00  INFO 31740 --- [main] o.a.c.c.C.[Tomcat].[localhost].[/]       : Initializing Spring embedded WebApplicationContext
2024-05-16T22:16:35.346+03:00  INFO 31740 --- [main] w.s.c.ServletWebServerApplicationContext : Root WebApplicationContext: initialization completed in 1542 ms
2024-05-16T22:16:35.454+03:00  INFO 31740 --- [main] com.zaxxer.hikari.HikariDataSource       : HikariPool-1 - Starting...
2024-05-16T22:16:35.643+03:00  INFO 31740 --- [main] com.zaxxer.hikari.pool.HikariPool        : HikariPool-1 - Added connection com.mysql.cj.jdbc.ConnectionImpl@755b5f30
2024-05-16T22:16:35.644+03:00  INFO 31740 --- [main] com.zaxxer.hikari.HikariDataSource       : HikariPool-1 - Start completed.
2024-05-16T22:16:35.847+03:00  INFO 31740 --- [main] o.hibernate.jpa.internal.util.LogHelper  : HHH000204: Processing PersistenceUnitInfo [name: default]
2024-05-16T22:16:35.995+03:00  INFO 31740 --- [main] org.hibernate.Version                    : HHH000412: Hibernate ORM core version 6.4.4.Final
2024-05-16T22:16:36.023+03:00  INFO 31740 --- [main] o.h.c.internal.RegionFactoryInitiator    : HHH000026: Second-level cache disabled
2024-05-16T22:16:36.196+03:00  INFO 31740 --- [main] o.s.o.j.p.SpringPersistenceUnitInfo      : No LoadTimeWeaver setup: ignoring JPA class transformer
2024-05-16T22:16:36.239+03:00  WARN 31740 --- [main] org.hibernate.dialect.Dialect            : HHH000511: The 5.5.0 version for [org.hibernate.dialect.MySQLDialect] is no longer supported, hence certain features may not work properly. The minimum supported version is 8.0.0. Check the community dialects project for available legacy versions.
2024-05-16T22:16:36.983+03:00  INFO 31740 --- [main] o.h.e.t.j.p.i.JtaPlatformInitiator       : HHH000489: No JTA platform available (set 'hibernate.transaction.jta.platform' to enable JTA platform integration)
2024-05-16T22:16:37.150+03:00  INFO 31740 --- [main] j.LocalContainerEntityManagerFactoryBean : Initialized JPA EntityManagerFactory for persistence unit 'default'
2024-05-16T22:16:37.480+03:00  INFO 31740 --- [main] o.s.d.j.r.query.QueryEnhancerFactory     : Hibernate is in classpath; If applicable, HQL parser will be used.
2024-05-16T22:16:37.937+03:00  INFO 31740 --- [main] o.techspot.message.FirebaseConfig        : Initializing Firebase
2024-05-16T22:16:37.980+03:00  INFO 31740 --- [main] o.techspot.message.FirebaseConfig        : Firebase Initialized
2024-05-16T22:16:38.680+03:00  INFO 31740 --- [main] o.s.b.a.w.s.WelcomePageHandlerMapping    : Adding welcome page: class path resource [static/index.html]
2024-05-16T22:16:38.840+03:00  INFO 31740 --- [main] o.s.s.web.DefaultSecurityFilterChain     : Will secure any request with [org.springframework.security.web.session.DisableEncodeUrlFilter@1c277413, org.springframework.security.web.context.request.async.WebAsyncManagerIntegrationFilter@1e9b1d9f, org.springframework.security.web.context.SecurityContextHolderFilter@73d7b6b0, org.springframework.security.web.header.HeaderWriterFilter@4a5e1a3a, org.springframework.security.web.authentication.logout.LogoutFilter@4901ff51, org.springframework.security.oauth2.client.web.OAuth2AuthorizationRequestRedirectFilter@203f1447, org.springframework.security.oauth2.client.web.OAuth2LoginAuthenticationFilter@631c244c, object_orienters.techspot.security.jwt.AuthTokenFilter@401b7226, org.springframework.security.web.authentication.UsernamePasswordAuthenticationFilter@3bd99944, org.springframework.security.web.savedrequest.RequestCacheAwareFilter@62f2811, org.springframework.security.web.servletapi.SecurityContextHolderAwareRequestFilter@74baefb0, org.springframework.security.web.authentication.AnonymousAuthenticationFilter@697fb4b1, org.springframework.security.web.session.SessionManagementFilter@dd3586e, org.springframework.security.web.access.ExceptionTranslationFilter@47d32e33, org.springframework.security.web.access.intercept.AuthorizationFilter@4743220d]
2024-05-16T22:16:39.089+03:00  INFO 31740 --- [main] o.s.b.w.embedded.tomcat.TomcatWebServer  : Tomcat started on port 8080 (http) with context path ''
2024-05-16T22:16:39.090+03:00  INFO 31740 --- [main] o.s.m.s.b.SimpleBrokerMessageHandler     : Starting...
2024-05-16T22:16:39.091+03:00  INFO 31740 --- [main] o.s.m.s.b.SimpleBrokerMessageHandler     : BrokerAvailabilityEvent[available=true, SimpleBrokerMessageHandler [org.springframework.messaging.simp.broker.DefaultSubscriptionRegistry@31b273b2]]
2024-05-16T22:16:39.091+03:00  INFO 31740 --- [main] o.s.m.s.b.SimpleBrokerMessageHandler     : Started.
2024-05-16T22:16:39.096+03:00  INFO 31740 --- [main] o.techspot.TechspotApplication           : Started TechspotApplication in 5.623 seconds (process running for 5.916)
2024-05-16T22:16:45.172+03:00  INFO 31740 --- [http-nio-8080-exec-1] o.a.c.c.C.[Tomcat].[localhost].[/]       : Initializing Spring DispatcherServlet 'dispatcherServlet'
2024-05-16T22:16:45.172+03:00  INFO 31740 --- [http-nio-8080-exec-1] o.s.web.servlet.DispatcherServlet        : Initializing Servlet 'dispatcherServlet'
2024-05-16T22:16:45.174+03:00  INFO 31740 --- [http-nio-8080-exec-1] o.s.web.servlet.DispatcherServlet        : Completed initialization in 1 ms
2024-05-16T22:16:45.319+03:00  INFO 31740 --- [http-nio-8080-exec-1] o.techspot.post.PostController           : >>>>Deleting Post... @ 2024-05-16 22:16:45.318 <<<<
2024-05-16T22:16:45.394+03:00  INFO 31740 --- [http-nio-8080-exec-1] o.techspot.post.PostController           : >>>>Post Deleted. @ 2024-05-16 22:16:45.394 <<<<
2024-05-16T22:17:39.034+03:00  INFO 31140 --- [main] o.techspot.TechspotApplication           : Starting TechspotApplication using Java 21.0.2 with PID 31140 (C:\Users\youse\OneDrive\Desktop\UNIVERSITY\Spring 2024\SWER313 - SERVICE ORIENTED ARCHITECTURE\project-object-orienters\target\classes started by youse in C:\Users\youse\OneDrive\Desktop\UNIVERSITY\Spring 2024\SWER313 - SERVICE ORIENTED ARCHITECTURE\project-object-orienters)
2024-05-16T22:17:39.035+03:00  INFO 31140 --- [main] o.techspot.TechspotApplication           : No active profile set, falling back to 1 default profile: "default"
2024-05-16T22:17:39.660+03:00  INFO 31140 --- [main] .s.d.r.c.RepositoryConfigurationDelegate : Bootstrapping Spring Data JPA repositories in DEFAULT mode.
2024-05-16T22:17:39.721+03:00  INFO 31140 --- [main] .s.d.r.c.RepositoryConfigurationDelegate : Finished Spring Data repository scanning in 55 ms. Found 11 JPA repository interfaces.
2024-05-16T22:17:40.445+03:00  INFO 31140 --- [main] o.s.b.w.embedded.tomcat.TomcatWebServer  : Tomcat initialized with port 8080 (http)
2024-05-16T22:17:40.471+03:00  INFO 31140 --- [main] o.apache.catalina.core.StandardService   : Starting service [Tomcat]
2024-05-16T22:17:40.472+03:00  INFO 31140 --- [main] o.apache.catalina.core.StandardEngine    : Starting Servlet engine: [Apache Tomcat/10.1.19]
2024-05-16T22:17:40.600+03:00  INFO 31140 --- [main] o.a.c.c.C.[Tomcat].[localhost].[/]       : Initializing Spring embedded WebApplicationContext
2024-05-16T22:17:40.601+03:00  INFO 31140 --- [main] w.s.c.ServletWebServerApplicationContext : Root WebApplicationContext: initialization completed in 1537 ms
2024-05-16T22:17:40.706+03:00  INFO 31140 --- [main] com.zaxxer.hikari.HikariDataSource       : HikariPool-1 - Starting...
2024-05-16T22:17:40.900+03:00  INFO 31140 --- [main] com.zaxxer.hikari.pool.HikariPool        : HikariPool-1 - Added connection com.mysql.cj.jdbc.ConnectionImpl@5fb8dc01
2024-05-16T22:17:40.903+03:00  INFO 31140 --- [main] com.zaxxer.hikari.HikariDataSource       : HikariPool-1 - Start completed.
2024-05-16T22:17:41.093+03:00  INFO 31140 --- [main] o.hibernate.jpa.internal.util.LogHelper  : HHH000204: Processing PersistenceUnitInfo [name: default]
2024-05-16T22:17:41.254+03:00  INFO 31140 --- [main] org.hibernate.Version                    : HHH000412: Hibernate ORM core version 6.4.4.Final
2024-05-16T22:17:41.303+03:00  INFO 31140 --- [main] o.h.c.internal.RegionFactoryInitiator    : HHH000026: Second-level cache disabled
2024-05-16T22:17:41.456+03:00  INFO 31140 --- [main] o.s.o.j.p.SpringPersistenceUnitInfo      : No LoadTimeWeaver setup: ignoring JPA class transformer
2024-05-16T22:17:41.494+03:00  WARN 31140 --- [main] org.hibernate.dialect.Dialect            : HHH000511: The 5.5.0 version for [org.hibernate.dialect.MySQLDialect] is no longer supported, hence certain features may not work properly. The minimum supported version is 8.0.0. Check the community dialects project for available legacy versions.
2024-05-16T22:17:42.249+03:00  INFO 31140 --- [main] o.h.e.t.j.p.i.JtaPlatformInitiator       : HHH000489: No JTA platform available (set 'hibernate.transaction.jta.platform' to enable JTA platform integration)
2024-05-16T22:17:42.654+03:00  INFO 31140 --- [main] j.LocalContainerEntityManagerFactoryBean : Initialized JPA EntityManagerFactory for persistence unit 'default'
2024-05-16T22:17:42.978+03:00  INFO 31140 --- [main] o.s.d.j.r.query.QueryEnhancerFactory     : Hibernate is in classpath; If applicable, HQL parser will be used.
2024-05-16T22:17:43.479+03:00  INFO 31140 --- [main] o.techspot.message.FirebaseConfig        : Initializing Firebase
2024-05-16T22:17:43.538+03:00  INFO 31140 --- [main] o.techspot.message.FirebaseConfig        : Firebase Initialized
2024-05-16T22:17:44.407+03:00  INFO 31140 --- [main] o.s.b.a.w.s.WelcomePageHandlerMapping    : Adding welcome page: class path resource [static/index.html]
2024-05-16T22:17:44.705+03:00  INFO 31140 --- [main] o.s.s.web.DefaultSecurityFilterChain     : Will secure any request with [org.springframework.security.web.session.DisableEncodeUrlFilter@a95c1f6, org.springframework.security.web.context.request.async.WebAsyncManagerIntegrationFilter@22271065, org.springframework.security.web.context.SecurityContextHolderFilter@3b3e9814, org.springframework.security.web.header.HeaderWriterFilter@751661b, org.springframework.security.web.authentication.logout.LogoutFilter@4ae730ca, org.springframework.security.oauth2.client.web.OAuth2AuthorizationRequestRedirectFilter@1b3a8691, org.springframework.security.oauth2.client.web.OAuth2LoginAuthenticationFilter@780a021b, object_orienters.techspot.security.jwt.AuthTokenFilter@39e91bda, org.springframework.security.web.authentication.UsernamePasswordAuthenticationFilter@374b1d85, org.springframework.security.web.savedrequest.RequestCacheAwareFilter@676aec4c, org.springframework.security.web.servletapi.SecurityContextHolderAwareRequestFilter@412de677, org.springframework.security.web.authentication.AnonymousAuthenticationFilter@4d6f8691, org.springframework.security.web.session.SessionManagementFilter@3e84c698, org.springframework.security.web.access.ExceptionTranslationFilter@1d5a2267, org.springframework.security.web.access.intercept.AuthorizationFilter@2655ccbd]
2024-05-16T22:17:45.010+03:00  INFO 31140 --- [main] o.s.b.w.embedded.tomcat.TomcatWebServer  : Tomcat started on port 8080 (http) with context path ''
2024-05-16T22:17:45.012+03:00  INFO 31140 --- [main] o.s.m.s.b.SimpleBrokerMessageHandler     : Starting...
2024-05-16T22:17:45.012+03:00  INFO 31140 --- [main] o.s.m.s.b.SimpleBrokerMessageHandler     : BrokerAvailabilityEvent[available=true, SimpleBrokerMessageHandler [org.springframework.messaging.simp.broker.DefaultSubscriptionRegistry@2f533bd1]]
2024-05-16T22:17:45.012+03:00  INFO 31140 --- [main] o.s.m.s.b.SimpleBrokerMessageHandler     : Started.
2024-05-16T22:17:45.017+03:00  INFO 31140 --- [main] o.techspot.TechspotApplication           : Started TechspotApplication in 6.236 seconds (process running for 6.655)
2024-05-16T22:17:54.439+03:00  INFO 31140 --- [http-nio-8080-exec-1] o.a.c.c.C.[Tomcat].[localhost].[/]       : Initializing Spring DispatcherServlet 'dispatcherServlet'
2024-05-16T22:17:54.440+03:00  INFO 31140 --- [http-nio-8080-exec-1] o.s.web.servlet.DispatcherServlet        : Initializing Servlet 'dispatcherServlet'
2024-05-16T22:17:54.441+03:00  INFO 31140 --- [http-nio-8080-exec-1] o.s.web.servlet.DispatcherServlet        : Completed initialization in 1 ms
2024-05-16T22:17:54.524+03:00  INFO 31140 --- [http-nio-8080-exec-1] o.techspot.security.AuthController       : >>>>Regsitering User... @ 2024-05-16 22:17:54.523 <<<<
2024-05-16T22:17:54.816+03:00  INFO 31140 --- [http-nio-8080-exec-1] o.techspot.security.AuthController       : >>>>User User [email=Angela@bethlehem.edu, password=$2a$10$eRFAKMMOkIwCbKTgDe4GNOGv7EjgrBjC.IDwUZjSxa8X8.V9MNzoi, username=Angela] Registered Successfully. @ 2024-05-16 22:17:54.816 <<<<
2024-05-16T22:17:58.007+03:00  INFO 31140 --- [http-nio-8080-exec-2] o.techspot.security.AuthController       : >>>>Authenticating User... @ 2024-05-16 22:17:58.007 <<<<
2024-05-16T22:17:58.176+03:00  INFO 31140 --- [http-nio-8080-exec-2] o.techspot.security.AuthController       : >>>>User User [email=Angela@bethlehem.edu, password=$2a$10$eRFAKMMOkIwCbKTgDe4GNOGv7EjgrBjC.IDwUZjSxa8X8.V9MNzoi, username=Angela] Authenticated Successfully. @ 2024-05-16 22:17:58.176 <<<<
2024-05-16T22:18:19.712+03:00  INFO 31140 --- [http-nio-8080-exec-4] o.techspot.post.PostController           : >>>>Adding Post to Timeline... @ 2024-05-16 22:18:19.712 <<<<
2024-05-16T22:18:19.809+03:00  INFO 31140 --- [http-nio-8080-exec-4] o.techspot.post.PostController           : >>>>Post Added to Timeline. @ 2024-05-16 22:18:19.809 <<<<
2024-05-16T22:18:45.008+03:00  INFO 31140 --- [MessageBroker-1] o.s.w.s.c.WebSocketMessageBrokerStats    : WebSocketSession[0 current WS(0)-HttpStream(0)-HttpPoll(0), 0 total, 0 closed abnormally (0 connect failure, 0 send limit, 0 transport error)], stompSubProtocol[processed CONNECT(0)-CONNECTED(0)-DISCONNECT(0)], stompBrokerRelay[null], inboundChannel[pool size = 0, active threads = 0, queued tasks = 0, completed tasks = 0], outboundChannel[pool size = 0, active threads = 0, queued tasks = 0, completed tasks = 0], sockJsScheduler[pool size = 1, active threads = 1, queued tasks = 0, completed tasks = 0]
2024-05-16T22:19:07.990+03:00  INFO 31140 --- [http-nio-8080-exec-7] o.techspot.post.PostController           : >>>>Deleting Post... @ 2024-05-16 22:19:07.990 <<<<
2024-05-16T22:19:08.039+03:00  INFO 31140 --- [http-nio-8080-exec-7] o.techspot.post.PostController           : >>>>Post Deleted. @ 2024-05-16 22:19:08.039 <<<<
2024-05-16T22:19:16.302+03:00  INFO 31140 --- [http-nio-8080-exec-8] o.techspot.post.PostController           : >>>>Adding Post to Timeline... @ 2024-05-16 22:19:16.302 <<<<
2024-05-16T22:19:16.345+03:00  INFO 31140 --- [http-nio-8080-exec-8] o.techspot.post.PostController           : >>>>Post Added to Timeline. @ 2024-05-16 22:19:16.345 <<<<
2024-05-16T22:19:51.310+03:00  INFO 31140 --- [http-nio-8080-exec-10] o.techspot.comment.CommentController     : >>>>Adding Comment... @ 2024-05-16 22:19:51.310 <<<<
2024-05-16T22:19:51.337+03:00  INFO 31140 --- [http-nio-8080-exec-10] o.techspot.comment.CommentController     : >>>>Comment Added. @ 2024-05-16 22:19:51.337 <<<<
2024-05-16T22:20:02.103+03:00  INFO 31140 --- [http-nio-8080-exec-3] o.techspot.comment.CommentController     : >>>>Adding Comment... @ 2024-05-16 22:20:02.103 <<<<
2024-05-16T22:20:02.138+03:00  INFO 31140 --- [http-nio-8080-exec-3] o.techspot.comment.CommentController     : >>>>Comment Added. @ 2024-05-16 22:20:02.138 <<<<
2024-05-16T22:20:53.546+03:00  INFO 31140 --- [http-nio-8080-exec-5] o.techspot.comment.CommentController     : >>>>Comment Added. @ 2024-05-16 22:20:53.546 <<<<
2024-05-16T22:20:53.571+03:00  INFO 31140 --- [http-nio-8080-exec-5] o.techspot.comment.CommentController     : >>>>Comment Deleted. @ 2024-05-16 22:20:53.571 <<<<
2024-05-16T22:21:13.490+03:00  INFO 31140 --- [SpringApplicationShutdownHook] o.s.m.s.b.SimpleBrokerMessageHandler     : Stopping...
2024-05-16T22:21:13.492+03:00  INFO 31140 --- [SpringApplicationShutdownHook] o.s.m.s.b.SimpleBrokerMessageHandler     : BrokerAvailabilityEvent[available=false, SimpleBrokerMessageHandler [org.springframework.messaging.simp.broker.DefaultSubscriptionRegistry@2f533bd1]]
2024-05-16T22:21:13.492+03:00  INFO 31140 --- [SpringApplicationShutdownHook] o.s.m.s.b.SimpleBrokerMessageHandler     : Stopped.
2024-05-16T22:21:13.503+03:00  INFO 31140 --- [SpringApplicationShutdownHook] j.LocalContainerEntityManagerFactoryBean : Closing JPA EntityManagerFactory for persistence unit 'default'
2024-05-16T22:21:13.505+03:00  INFO 31140 --- [SpringApplicationShutdownHook] com.zaxxer.hikari.HikariDataSource       : HikariPool-1 - Shutdown initiated...
2024-05-16T22:21:13.509+03:00  INFO 31140 --- [SpringApplicationShutdownHook] com.zaxxer.hikari.HikariDataSource       : HikariPool-1 - Shutdown completed.
2024-05-16T22:27:27.528+03:00  INFO 21784 --- [main] o.techspot.TechspotApplication           : Starting TechspotApplication using Java 21.0.2 with PID 21784 (C:\Users\youse\OneDrive\Desktop\UNIVERSITY\Spring 2024\SWER313 - SERVICE ORIENTED ARCHITECTURE\project-object-orienters\target\classes started by youse in C:\Users\youse\OneDrive\Desktop\UNIVERSITY\Spring 2024\SWER313 - SERVICE ORIENTED ARCHITECTURE\project-object-orienters)
2024-05-16T22:27:27.530+03:00  INFO 21784 --- [main] o.techspot.TechspotApplication           : No active profile set, falling back to 1 default profile: "default"
2024-05-16T22:27:28.198+03:00  INFO 21784 --- [main] .s.d.r.c.RepositoryConfigurationDelegate : Bootstrapping Spring Data JPA repositories in DEFAULT mode.
2024-05-16T22:27:28.259+03:00  INFO 21784 --- [main] .s.d.r.c.RepositoryConfigurationDelegate : Finished Spring Data repository scanning in 55 ms. Found 11 JPA repository interfaces.
2024-05-16T22:27:28.975+03:00  INFO 21784 --- [main] o.s.b.w.embedded.tomcat.TomcatWebServer  : Tomcat initialized with port 8080 (http)
2024-05-16T22:27:28.999+03:00  INFO 21784 --- [main] o.apache.catalina.core.StandardService   : Starting service [Tomcat]
2024-05-16T22:27:29.000+03:00  INFO 21784 --- [main] o.apache.catalina.core.StandardEngine    : Starting Servlet engine: [Apache Tomcat/10.1.19]
2024-05-16T22:27:29.102+03:00  INFO 21784 --- [main] o.a.c.c.C.[Tomcat].[localhost].[/]       : Initializing Spring embedded WebApplicationContext
2024-05-16T22:27:29.102+03:00  INFO 21784 --- [main] w.s.c.ServletWebServerApplicationContext : Root WebApplicationContext: initialization completed in 1540 ms
2024-05-16T22:27:29.208+03:00  INFO 21784 --- [main] com.zaxxer.hikari.HikariDataSource       : HikariPool-1 - Starting...
2024-05-16T22:27:29.364+03:00  INFO 21784 --- [main] com.zaxxer.hikari.pool.HikariPool        : HikariPool-1 - Added connection com.mysql.cj.jdbc.ConnectionImpl@5fb8dc01
2024-05-16T22:27:29.365+03:00  INFO 21784 --- [main] com.zaxxer.hikari.HikariDataSource       : HikariPool-1 - Start completed.
2024-05-16T22:27:29.553+03:00  INFO 21784 --- [main] o.hibernate.jpa.internal.util.LogHelper  : HHH000204: Processing PersistenceUnitInfo [name: default]
2024-05-16T22:27:29.709+03:00  INFO 21784 --- [main] org.hibernate.Version                    : HHH000412: Hibernate ORM core version 6.4.4.Final
2024-05-16T22:27:29.754+03:00  INFO 21784 --- [main] o.h.c.internal.RegionFactoryInitiator    : HHH000026: Second-level cache disabled
2024-05-16T22:27:29.897+03:00  INFO 21784 --- [main] o.s.o.j.p.SpringPersistenceUnitInfo      : No LoadTimeWeaver setup: ignoring JPA class transformer
2024-05-16T22:27:29.942+03:00  WARN 21784 --- [main] org.hibernate.dialect.Dialect            : HHH000511: The 5.5.0 version for [org.hibernate.dialect.MySQLDialect] is no longer supported, hence certain features may not work properly. The minimum supported version is 8.0.0. Check the community dialects project for available legacy versions.
2024-05-16T22:27:30.726+03:00  INFO 21784 --- [main] o.h.e.t.j.p.i.JtaPlatformInitiator       : HHH000489: No JTA platform available (set 'hibernate.transaction.jta.platform' to enable JTA platform integration)
2024-05-16T22:27:30.889+03:00  INFO 21784 --- [main] j.LocalContainerEntityManagerFactoryBean : Initialized JPA EntityManagerFactory for persistence unit 'default'
2024-05-16T22:27:31.202+03:00  INFO 21784 --- [main] o.s.d.j.r.query.QueryEnhancerFactory     : Hibernate is in classpath; If applicable, HQL parser will be used.
2024-05-16T22:27:31.701+03:00  INFO 21784 --- [main] o.techspot.message.FirebaseConfig        : Initializing Firebase
2024-05-16T22:27:31.756+03:00  INFO 21784 --- [main] o.techspot.message.FirebaseConfig        : Firebase Initialized
2024-05-16T22:27:32.458+03:00  INFO 21784 --- [main] o.s.b.a.w.s.WelcomePageHandlerMapping    : Adding welcome page: class path resource [static/index.html]
2024-05-16T22:27:32.652+03:00  INFO 21784 --- [main] o.s.s.web.DefaultSecurityFilterChain     : Will secure any request with [org.springframework.security.web.session.DisableEncodeUrlFilter@709de434, org.springframework.security.web.context.request.async.WebAsyncManagerIntegrationFilter@551566a, org.springframework.security.web.context.SecurityContextHolderFilter@4f2e6db7, org.springframework.security.web.header.HeaderWriterFilter@5922338f, org.springframework.security.web.authentication.logout.LogoutFilter@50630ff7, org.springframework.security.oauth2.client.web.OAuth2AuthorizationRequestRedirectFilter@4584940b, org.springframework.security.oauth2.client.web.OAuth2LoginAuthenticationFilter@6b13d558, object_orienters.techspot.security.jwt.AuthTokenFilter@4d86f330, org.springframework.security.web.authentication.UsernamePasswordAuthenticationFilter@ad620fd, org.springframework.security.web.savedrequest.RequestCacheAwareFilter@46a6368f, org.springframework.security.web.servletapi.SecurityContextHolderAwareRequestFilter@69f564ab, org.springframework.security.web.authentication.AnonymousAuthenticationFilter@3e3b5ff5, org.springframework.security.web.session.SessionManagementFilter@60b73425, org.springframework.security.web.access.ExceptionTranslationFilter@7ec00f98, org.springframework.security.web.access.intercept.AuthorizationFilter@1e2a39b7]
2024-05-16T22:27:32.958+03:00  INFO 21784 --- [main] o.s.b.w.embedded.tomcat.TomcatWebServer  : Tomcat started on port 8080 (http) with context path ''
2024-05-16T22:27:32.960+03:00  INFO 21784 --- [main] o.s.m.s.b.SimpleBrokerMessageHandler     : Starting...
2024-05-16T22:27:32.960+03:00  INFO 21784 --- [main] o.s.m.s.b.SimpleBrokerMessageHandler     : BrokerAvailabilityEvent[available=true, SimpleBrokerMessageHandler [org.springframework.messaging.simp.broker.DefaultSubscriptionRegistry@5fab1ec6]]
2024-05-16T22:27:32.961+03:00  INFO 21784 --- [main] o.s.m.s.b.SimpleBrokerMessageHandler     : Started.
2024-05-16T22:27:32.965+03:00  INFO 21784 --- [main] o.techspot.TechspotApplication           : Started TechspotApplication in 5.693 seconds (process running for 6.123)
2024-05-16T22:28:32.951+03:00  INFO 21784 --- [MessageBroker-1] o.s.w.s.c.WebSocketMessageBrokerStats    : WebSocketSession[0 current WS(0)-HttpStream(0)-HttpPoll(0), 0 total, 0 closed abnormally (0 connect failure, 0 send limit, 0 transport error)], stompSubProtocol[processed CONNECT(0)-CONNECTED(0)-DISCONNECT(0)], stompBrokerRelay[null], inboundChannel[pool size = 0, active threads = 0, queued tasks = 0, completed tasks = 0], outboundChannel[pool size = 0, active threads = 0, queued tasks = 0, completed tasks = 0], sockJsScheduler[pool size = 1, active threads = 1, queued tasks = 0, completed tasks = 0]
2024-05-16 22:29:27 [background-preinit] INFO  o.h.validator.internal.util.Version - HV000001: Hibernate Validator 8.0.1.Final
2024-05-16 22:29:27 [main] INFO  o.techspot.TechspotApplication - Starting TechspotApplication using Java 21.0.2 with PID 13584 (C:\Users\youse\OneDrive\Desktop\UNIVERSITY\Spring 2024\SWER313 - SERVICE ORIENTED ARCHITECTURE\project-object-orienters\target\classes started by youse in C:\Users\youse\OneDrive\Desktop\UNIVERSITY\Spring 2024\SWER313 - SERVICE ORIENTED ARCHITECTURE\project-object-orienters)
2024-05-16 22:29:27 [main] INFO  o.techspot.TechspotApplication - No active profile set, falling back to 1 default profile: "default"
2024-05-16 22:29:28 [main] INFO  o.s.d.r.c.RepositoryConfigurationDelegate - Bootstrapping Spring Data JPA repositories in DEFAULT mode.
2024-05-16 22:29:28 [main] INFO  o.s.d.r.c.RepositoryConfigurationDelegate - Finished Spring Data repository scanning in 60 ms. Found 11 JPA repository interfaces.
2024-05-16 22:29:29 [main] INFO  o.s.b.w.e.tomcat.TomcatWebServer - Tomcat initialized with port 8080 (http)
2024-05-16 22:29:29 [main] INFO  o.a.coyote.http11.Http11NioProtocol - Initializing ProtocolHandler ["http-nio-8080"]
2024-05-16 22:29:29 [main] INFO  o.a.catalina.core.StandardService - Starting service [Tomcat]
2024-05-16 22:29:29 [main] INFO  o.a.catalina.core.StandardEngine - Starting Servlet engine: [Apache Tomcat/10.1.19]
2024-05-16 22:29:29 [main] INFO  o.a.c.c.C.[Tomcat].[localhost].[/] - Initializing Spring embedded WebApplicationContext
2024-05-16 22:29:29 [main] INFO  o.s.b.w.s.c.ServletWebServerApplicationContext - Root WebApplicationContext: initialization completed in 1532 ms
2024-05-16 22:29:29 [main] INFO  com.zaxxer.hikari.HikariDataSource - HikariPool-1 - Starting...
2024-05-16 22:29:29 [main] INFO  com.zaxxer.hikari.pool.HikariPool - HikariPool-1 - Added connection com.mysql.cj.jdbc.ConnectionImpl@26a4f9ed
2024-05-16 22:29:29 [main] INFO  com.zaxxer.hikari.HikariDataSource - HikariPool-1 - Start completed.
2024-05-16 22:29:29 [main] INFO  o.h.jpa.internal.util.LogHelper - HHH000204: Processing PersistenceUnitInfo [name: default]
2024-05-16 22:29:29 [main] INFO  org.hibernate.Version - HHH000412: Hibernate ORM core version 6.4.4.Final
2024-05-16 22:29:30 [main] INFO  o.h.c.i.RegionFactoryInitiator - HHH000026: Second-level cache disabled
2024-05-16 22:29:30 [main] INFO  o.s.o.j.p.SpringPersistenceUnitInfo - No LoadTimeWeaver setup: ignoring JPA class transformer
2024-05-16 22:29:30 [main] WARN  org.hibernate.dialect.Dialect - HHH000511: The 5.5.0 version for [org.hibernate.dialect.MySQLDialect] is no longer supported, hence certain features may not work properly. The minimum supported version is 8.0.0. Check the community dialects project for available legacy versions.
2024-05-16 22:29:30 [main] INFO  o.h.e.t.j.p.i.JtaPlatformInitiator - HHH000489: No JTA platform available (set 'hibernate.transaction.jta.platform' to enable JTA platform integration)
2024-05-16 22:29:31 [main] INFO  o.s.o.j.LocalContainerEntityManagerFactoryBean - Initialized JPA EntityManagerFactory for persistence unit 'default'
2024-05-16 22:29:31 [main] INFO  o.s.d.j.r.query.QueryEnhancerFactory - Hibernate is in classpath; If applicable, HQL parser will be used.
2024-05-16 22:29:32 [main] INFO  o.techspot.message.FirebaseConfig - Initializing Firebase
2024-05-16 22:29:32 [main] INFO  o.techspot.message.FirebaseConfig - Firebase Initialized
2024-05-16 22:29:32 [main] INFO  o.s.b.a.w.s.WelcomePageHandlerMapping - Adding welcome page: class path resource [static/index.html]
2024-05-16 22:29:33 [main] INFO  o.s.s.web.DefaultSecurityFilterChain - Will secure any request with [org.springframework.security.web.session.DisableEncodeUrlFilter@10260f02, org.springframework.security.web.context.request.async.WebAsyncManagerIntegrationFilter@6c303cdc, org.springframework.security.web.context.SecurityContextHolderFilter@4d8d21a3, org.springframework.security.web.header.HeaderWriterFilter@11c7756f, org.springframework.security.web.authentication.logout.LogoutFilter@4159113f, org.springframework.security.oauth2.client.web.OAuth2AuthorizationRequestRedirectFilter@33c28f0d, org.springframework.security.oauth2.client.web.OAuth2LoginAuthenticationFilter@6a72d301, object_orienters.techspot.security.jwt.AuthTokenFilter@2bef33e7, org.springframework.security.web.authentication.UsernamePasswordAuthenticationFilter@4d6f83a5, org.springframework.security.web.savedrequest.RequestCacheAwareFilter@2e87a250, org.springframework.security.web.servletapi.SecurityContextHolderAwareRequestFilter@43a65f56, org.springframework.security.web.authentication.AnonymousAuthenticationFilter@5df3f854, org.springframework.security.web.session.SessionManagementFilter@2fc70622, org.springframework.security.web.access.ExceptionTranslationFilter@22271065, org.springframework.security.web.access.intercept.AuthorizationFilter@7d97eeb4]
2024-05-16 22:29:33 [main] INFO  o.a.coyote.http11.Http11NioProtocol - Starting ProtocolHandler ["http-nio-8080"]
2024-05-16 22:29:33 [main] INFO  o.s.b.w.e.tomcat.TomcatWebServer - Tomcat started on port 8080 (http) with context path ''
2024-05-16 22:29:33 [main] INFO  o.s.m.s.b.SimpleBrokerMessageHandler - Starting...
2024-05-16 22:29:33 [main] INFO  o.s.m.s.b.SimpleBrokerMessageHandler - BrokerAvailabilityEvent[available=true, SimpleBrokerMessageHandler [org.springframework.messaging.simp.broker.DefaultSubscriptionRegistry@46bb0567]]
2024-05-16 22:29:33 [main] INFO  o.s.m.s.b.SimpleBrokerMessageHandler - Started.
2024-05-16 22:29:33 [main] INFO  o.techspot.TechspotApplication - Started TechspotApplication in 5.761 seconds (process running for 6.048)
2024-05-16 22:29:47 [background-preinit] INFO  o.h.validator.internal.util.Version - HV000001: Hibernate Validator 8.0.1.Final
2024-05-16 22:29:47 [main] INFO  o.techspot.TechspotApplication - Starting TechspotApplication using Java 21.0.2 with PID 25128 (C:\Users\youse\OneDrive\Desktop\UNIVERSITY\Spring 2024\SWER313 - SERVICE ORIENTED ARCHITECTURE\project-object-orienters\target\classes started by youse in C:\Users\youse\OneDrive\Desktop\UNIVERSITY\Spring 2024\SWER313 - SERVICE ORIENTED ARCHITECTURE\project-object-orienters)
2024-05-16 22:29:47 [main] INFO  o.techspot.TechspotApplication - No active profile set, falling back to 1 default profile: "default"
2024-05-16 22:29:47 [main] INFO  o.s.d.r.c.RepositoryConfigurationDelegate - Bootstrapping Spring Data JPA repositories in DEFAULT mode.
2024-05-16 22:29:48 [main] INFO  o.s.d.r.c.RepositoryConfigurationDelegate - Finished Spring Data repository scanning in 50 ms. Found 11 JPA repository interfaces.
2024-05-16 22:29:48 [main] INFO  o.s.b.w.e.tomcat.TomcatWebServer - Tomcat initialized with port 8080 (http)
2024-05-16 22:29:48 [main] INFO  o.a.coyote.http11.Http11NioProtocol - Initializing ProtocolHandler ["http-nio-8080"]
2024-05-16 22:29:48 [main] INFO  o.a.catalina.core.StandardService - Starting service [Tomcat]
2024-05-16 22:29:48 [main] INFO  o.a.catalina.core.StandardEngine - Starting Servlet engine: [Apache Tomcat/10.1.19]
2024-05-16 22:29:48 [main] INFO  o.a.c.c.C.[Tomcat].[localhost].[/] - Initializing Spring embedded WebApplicationContext
2024-05-16 22:29:48 [main] INFO  o.s.b.w.s.c.ServletWebServerApplicationContext - Root WebApplicationContext: initialization completed in 1425 ms
2024-05-16 22:29:48 [main] INFO  com.zaxxer.hikari.HikariDataSource - HikariPool-1 - Starting...
2024-05-16 22:29:49 [main] INFO  com.zaxxer.hikari.pool.HikariPool - HikariPool-1 - Added connection com.mysql.cj.jdbc.ConnectionImpl@37d0d373
2024-05-16 22:29:49 [main] INFO  com.zaxxer.hikari.HikariDataSource - HikariPool-1 - Start completed.
2024-05-16 22:29:49 [main] INFO  o.h.jpa.internal.util.LogHelper - HHH000204: Processing PersistenceUnitInfo [name: default]
2024-05-16 22:29:49 [main] INFO  org.hibernate.Version - HHH000412: Hibernate ORM core version 6.4.4.Final
2024-05-16 22:29:49 [main] INFO  o.h.c.i.RegionFactoryInitiator - HHH000026: Second-level cache disabled
2024-05-16 22:29:49 [main] INFO  o.s.o.j.p.SpringPersistenceUnitInfo - No LoadTimeWeaver setup: ignoring JPA class transformer
2024-05-16 22:29:49 [main] WARN  org.hibernate.dialect.Dialect - HHH000511: The 5.5.0 version for [org.hibernate.dialect.MySQLDialect] is no longer supported, hence certain features may not work properly. The minimum supported version is 8.0.0. Check the community dialects project for available legacy versions.
2024-05-16 22:29:50 [main] INFO  o.h.e.t.j.p.i.JtaPlatformInitiator - HHH000489: No JTA platform available (set 'hibernate.transaction.jta.platform' to enable JTA platform integration)
2024-05-16 22:29:50 [main] INFO  o.s.o.j.LocalContainerEntityManagerFactoryBean - Initialized JPA EntityManagerFactory for persistence unit 'default'
2024-05-16 22:29:51 [main] INFO  o.s.d.j.r.query.QueryEnhancerFactory - Hibernate is in classpath; If applicable, HQL parser will be used.
2024-05-16 22:29:51 [main] INFO  o.techspot.message.FirebaseConfig - Initializing Firebase
2024-05-16 22:29:51 [main] INFO  o.techspot.message.FirebaseConfig - Firebase Initialized
2024-05-16 22:29:52 [main] INFO  o.s.b.a.w.s.WelcomePageHandlerMapping - Adding welcome page: class path resource [static/index.html]
2024-05-16 22:29:52 [main] INFO  o.s.s.web.DefaultSecurityFilterChain - Will secure any request with [org.springframework.security.web.session.DisableEncodeUrlFilter@401358e5, org.springframework.security.web.context.request.async.WebAsyncManagerIntegrationFilter@4d2af40, org.springframework.security.web.context.SecurityContextHolderFilter@309d298, org.springframework.security.web.header.HeaderWriterFilter@53b2e5, org.springframework.security.web.authentication.logout.LogoutFilter@6a151f1a, org.springframework.security.oauth2.client.web.OAuth2AuthorizationRequestRedirectFilter@17d1b2a0, org.springframework.security.oauth2.client.web.OAuth2LoginAuthenticationFilter@7817824d, object_orienters.techspot.security.jwt.AuthTokenFilter@1d921267, org.springframework.security.web.authentication.UsernamePasswordAuthenticationFilter@62497b5d, org.springframework.security.web.savedrequest.RequestCacheAwareFilter@7da298aa, org.springframework.security.web.servletapi.SecurityContextHolderAwareRequestFilter@9edb372, org.springframework.security.web.authentication.AnonymousAuthenticationFilter@2d68af14, org.springframework.security.web.session.SessionManagementFilter@18a8a42b, org.springframework.security.web.access.ExceptionTranslationFilter@ccba99, org.springframework.security.web.access.intercept.AuthorizationFilter@28d26e57]
2024-05-16 22:29:53 [main] INFO  o.a.coyote.http11.Http11NioProtocol - Starting ProtocolHandler ["http-nio-8080"]
2024-05-16 22:29:53 [main] INFO  o.s.b.w.e.tomcat.TomcatWebServer - Tomcat started on port 8080 (http) with context path ''
2024-05-16 22:29:53 [main] INFO  o.s.m.s.b.SimpleBrokerMessageHandler - Starting...
2024-05-16 22:29:53 [main] INFO  o.s.m.s.b.SimpleBrokerMessageHandler - BrokerAvailabilityEvent[available=true, SimpleBrokerMessageHandler [org.springframework.messaging.simp.broker.DefaultSubscriptionRegistry@7ca55391]]
2024-05-16 22:29:53 [main] INFO  o.s.m.s.b.SimpleBrokerMessageHandler - Started.
2024-05-16 22:29:53 [main] INFO  o.techspot.TechspotApplication - Started TechspotApplication in 6.053 seconds (process running for 6.478)
