2024-05-16 22:45:25 [http-nio-8080-exec-2] INFO  o.techspot.post.PostController - >>>>Adding Post to Timeline... @ 2024-05-16 22:45:25.639 <<<<
2024-05-16 22:45:25 [http-nio-8080-exec-2] INFO  o.techspot.post.PostController - >>>>Post Added to Timeline. @ 2024-05-16 22:45:25.678 <<<<
2024-05-16 22:45:38 [http-nio-8080-exec-5] INFO  o.techspot.post.PostController - >>>>Adding Post to Timeline... @ 2024-05-16 22:45:38.149 <<<<
2024-05-16 22:45:38 [http-nio-8080-exec-5] INFO  o.techspot.post.PostController - >>>>Post Added to Timeline. @ 2024-05-16 22:45:38.188 <<<<
2024-05-16 22:45:48 [http-nio-8080-exec-4] INFO  o.techspot.post.PostController - >>>>Deleting Post... @ 2024-05-16 22:45:48.782 <<<<
2024-05-16 22:45:48 [http-nio-8080-exec-4] INFO  o.techspot.post.PostController - >>>>Post Deleted. @ 2024-05-16 22:45:48.811 <<<<
2024-05-16 23:38:48 [background-preinit] INFO  o.h.validator.internal.util.Version - HV000001: Hibernate Validator 8.0.1.Final
2024-05-16 23:38:48 [main] INFO  o.techspot.TechspotApplication - Starting TechspotApplication using Java 21.0.2 with PID 4224 (C:\Users\youse\OneDrive\Desktop\UNIVERSITY\Spring 2024\SWER313 - SERVICE ORIENTED ARCHITECTURE\project-object-orienters\target\classes started by youse in C:\Users\youse\OneDrive\Desktop\UNIVERSITY\Spring 2024\SWER313 - SERVICE ORIENTED ARCHITECTURE\project-object-orienters)
2024-05-16 23:38:48 [main] INFO  o.techspot.TechspotApplication - No active profile set, falling back to 1 default profile: "default"
2024-05-16 23:38:49 [main] INFO  o.s.d.r.c.RepositoryConfigurationDelegate - Bootstrapping Spring Data JPA repositories in DEFAULT mode.
2024-05-16 23:38:49 [main] INFO  o.s.d.r.c.RepositoryConfigurationDelegate - Finished Spring Data repository scanning in 54 ms. Found 11 JPA repository interfaces.
2024-05-16 23:38:49 [main] INFO  o.s.b.w.e.tomcat.TomcatWebServer - Tomcat initialized with port 8080 (http)
2024-05-16 23:38:49 [main] INFO  o.a.coyote.http11.Http11NioProtocol - Initializing ProtocolHandler ["http-nio-8080"]
2024-05-16 23:38:49 [main] INFO  o.a.catalina.core.StandardService - Starting service [Tomcat]
2024-05-16 23:38:49 [main] INFO  o.a.catalina.core.StandardEngine - Starting Servlet engine: [Apache Tomcat/10.1.19]
2024-05-16 23:38:49 [main] INFO  o.a.c.c.C.[Tomcat].[localhost].[/] - Initializing Spring embedded WebApplicationContext
2024-05-16 23:38:49 [main] INFO  o.s.b.w.s.c.ServletWebServerApplicationContext - Root WebApplicationContext: initialization completed in 1493 ms
2024-05-16 23:38:50 [main] INFO  com.zaxxer.hikari.HikariDataSource - HikariPool-1 - Starting...
2024-05-16 23:38:50 [main] INFO  com.zaxxer.hikari.pool.HikariPool - HikariPool-1 - Added connection com.mysql.cj.jdbc.ConnectionImpl@37d0d373
2024-05-16 23:38:50 [main] INFO  com.zaxxer.hikari.HikariDataSource - HikariPool-1 - Start completed.
2024-05-16 23:38:50 [main] INFO  o.h.jpa.internal.util.LogHelper - HHH000204: Processing PersistenceUnitInfo [name: default]
2024-05-16 23:38:50 [main] INFO  org.hibernate.Version - HHH000412: Hibernate ORM core version 6.4.4.Final
2024-05-16 23:38:50 [main] INFO  o.h.c.i.RegionFactoryInitiator - HHH000026: Second-level cache disabled
2024-05-16 23:38:50 [main] INFO  o.s.o.j.p.SpringPersistenceUnitInfo - No LoadTimeWeaver setup: ignoring JPA class transformer
2024-05-16 23:38:50 [main] WARN  org.hibernate.dialect.Dialect - HHH000511: The 5.5.0 version for [org.hibernate.dialect.MySQLDialect] is no longer supported, hence certain features may not work properly. The minimum supported version is 8.0.0. Check the community dialects project for available legacy versions.
2024-05-16 23:38:51 [main] INFO  o.h.e.t.j.p.i.JtaPlatformInitiator - HHH000489: No JTA platform available (set 'hibernate.transaction.jta.platform' to enable JTA platform integration)
2024-05-16 23:38:51 [main] INFO  o.s.o.j.LocalContainerEntityManagerFactoryBean - Initialized JPA EntityManagerFactory for persistence unit 'default'
2024-05-16 23:38:52 [main] INFO  o.s.d.j.r.query.QueryEnhancerFactory - Hibernate is in classpath; If applicable, HQL parser will be used.
2024-05-16 23:38:52 [main] INFO  o.techspot.message.FirebaseConfig - Initializing Firebase
2024-05-16 23:38:52 [main] INFO  o.techspot.message.FirebaseConfig - Firebase Initialized
2024-05-16 23:38:53 [main] INFO  o.s.b.a.w.s.WelcomePageHandlerMapping - Adding welcome page: class path resource [static/index.html]
2024-05-16 23:38:53 [main] INFO  o.s.s.web.DefaultSecurityFilterChain - Will secure any request with [org.springframework.security.web.session.DisableEncodeUrlFilter@31d7e70, org.springframework.security.web.context.request.async.WebAsyncManagerIntegrationFilter@462478a3, org.springframework.security.web.context.SecurityContextHolderFilter@7a76e1b9, org.springframework.security.web.header.HeaderWriterFilter@7da298aa, org.springframework.security.web.authentication.logout.LogoutFilter@28d26e57, org.springframework.security.oauth2.client.web.OAuth2AuthorizationRequestRedirectFilter@4d2af40, org.springframework.security.oauth2.client.web.OAuth2LoginAuthenticationFilter@10aabada, object_orienters.techspot.security.jwt.AuthTokenFilter@1c5f6292, org.springframework.security.web.authentication.UsernamePasswordAuthenticationFilter@193bf20, org.springframework.security.web.savedrequest.RequestCacheAwareFilter@70f0a3a3, org.springframework.security.web.servletapi.SecurityContextHolderAwareRequestFilter@4b16671e, org.springframework.security.web.authentication.AnonymousAuthenticationFilter@5a52b5f8, org.springframework.security.web.session.SessionManagementFilter@44bd3dc5, org.springframework.security.web.access.ExceptionTranslationFilter@309d298, org.springframework.security.web.access.intercept.AuthorizationFilter@29788adf]
2024-05-16 23:38:53 [main] INFO  o.a.coyote.http11.Http11NioProtocol - Starting ProtocolHandler ["http-nio-8080"]
2024-05-16 23:38:53 [main] INFO  o.s.b.w.e.tomcat.TomcatWebServer - Tomcat started on port 8080 (http) with context path ''
2024-05-16 23:38:53 [main] INFO  o.s.m.s.b.SimpleBrokerMessageHandler - Starting...
2024-05-16 23:38:53 [main] INFO  o.s.m.s.b.SimpleBrokerMessageHandler - BrokerAvailabilityEvent[available=true, SimpleBrokerMessageHandler [org.springframework.messaging.simp.broker.DefaultSubscriptionRegistry@fc4d7c0]]
2024-05-16 23:38:53 [main] INFO  o.s.m.s.b.SimpleBrokerMessageHandler - Started.
2024-05-16 23:38:53 [main] INFO  o.techspot.TechspotApplication - Started TechspotApplication in 5.523 seconds (process running for 5.948)
2024-05-16 23:39:15 [http-nio-8080-exec-2] INFO  o.a.c.c.C.[Tomcat].[localhost].[/] - Initializing Spring DispatcherServlet 'dispatcherServlet'
2024-05-16 23:39:15 [http-nio-8080-exec-2] INFO  o.s.web.servlet.DispatcherServlet - Initializing Servlet 'dispatcherServlet'
2024-05-16 23:39:15 [http-nio-8080-exec-2] INFO  o.s.web.servlet.DispatcherServlet - Completed initialization in 1 ms
2024-05-16 23:39:15 [http-nio-8080-exec-2] INFO  o.techspot.security.AuthController - >>>>Authenticating User... @ 2024-05-16 23:39:15.691 <<<<
2024-05-16 23:39:15 [http-nio-8080-exec-2] INFO  o.techspot.security.AuthController - >>>>User User [email=Angela@bethlehem.edu, password=$2a$10$eRFAKMMOkIwCbKTgDe4GNOGv7EjgrBjC.IDwUZjSxa8X8.V9MNzoi, username=Angela] Authenticated Successfully. @ 2024-05-16 23:39:15.997 <<<<
2024-05-16 23:39:53 [MessageBroker-1] INFO  o.s.w.s.c.WebSocketMessageBrokerStats - WebSocketSession[0 current WS(0)-HttpStream(0)-HttpPoll(0), 0 total, 0 closed abnormally (0 connect failure, 0 send limit, 0 transport error)], stompSubProtocol[processed CONNECT(0)-CONNECTED(0)-DISCONNECT(0)], stompBrokerRelay[null], inboundChannel[pool size = 0, active threads = 0, queued tasks = 0, completed tasks = 0], outboundChannel[pool size = 0, active threads = 0, queued tasks = 0, completed tasks = 0], sockJsScheduler[pool size = 1, active threads = 1, queued tasks = 0, completed tasks = 0]
2024-05-16 23:40:26 [http-nio-8080-exec-5] INFO  o.techspot.post.PostController - >>>>Editing Post... @ 2024-05-16 23:40:26.502 <<<<
2024-05-16 23:40:26 [http-nio-8080-exec-5] INFO  o.techspot.post.PostController - >>>>Post Edited. @ 2024-05-16 23:40:26.569 <<<<
2024-05-16 23:40:58 [http-nio-8080-exec-6] INFO  o.techspot.post.PostController - >>>>Deleting Post... @ 2024-05-16 23:40:58.143 <<<<
2024-05-16 23:41:51 [background-preinit] INFO  o.h.validator.internal.util.Version - HV000001: Hibernate Validator 8.0.1.Final
2024-05-16 23:41:51 [main] INFO  o.techspot.TechspotApplication - Starting TechspotApplication using Java 21.0.2 with PID 21324 (C:\Users\youse\OneDrive\Desktop\UNIVERSITY\Spring 2024\SWER313 - SERVICE ORIENTED ARCHITECTURE\project-object-orienters\target\classes started by youse in C:\Users\youse\OneDrive\Desktop\UNIVERSITY\Spring 2024\SWER313 - SERVICE ORIENTED ARCHITECTURE\project-object-orienters)
2024-05-16 23:41:51 [main] INFO  o.techspot.TechspotApplication - No active profile set, falling back to 1 default profile: "default"
2024-05-16 23:41:52 [main] INFO  o.s.d.r.c.RepositoryConfigurationDelegate - Bootstrapping Spring Data JPA repositories in DEFAULT mode.
2024-05-16 23:41:52 [main] INFO  o.s.d.r.c.RepositoryConfigurationDelegate - Finished Spring Data repository scanning in 59 ms. Found 11 JPA repository interfaces.
2024-05-16 23:41:52 [main] INFO  o.s.b.w.e.tomcat.TomcatWebServer - Tomcat initialized with port 8080 (http)
2024-05-16 23:41:52 [main] INFO  o.a.coyote.http11.Http11NioProtocol - Initializing ProtocolHandler ["http-nio-8080"]
2024-05-16 23:41:52 [main] INFO  o.a.catalina.core.StandardService - Starting service [Tomcat]
2024-05-16 23:41:52 [main] INFO  o.a.catalina.core.StandardEngine - Starting Servlet engine: [Apache Tomcat/10.1.19]
2024-05-16 23:41:53 [main] INFO  o.a.c.c.C.[Tomcat].[localhost].[/] - Initializing Spring embedded WebApplicationContext
2024-05-16 23:41:53 [main] INFO  o.s.b.w.s.c.ServletWebServerApplicationContext - Root WebApplicationContext: initialization completed in 1530 ms
2024-05-16 23:41:53 [main] INFO  com.zaxxer.hikari.HikariDataSource - HikariPool-1 - Starting...
2024-05-16 23:41:53 [main] INFO  com.zaxxer.hikari.pool.HikariPool - HikariPool-1 - Added connection com.mysql.cj.jdbc.ConnectionImpl@59b492ec
2024-05-16 23:41:53 [main] INFO  com.zaxxer.hikari.HikariDataSource - HikariPool-1 - Start completed.
2024-05-16 23:41:53 [main] INFO  o.h.jpa.internal.util.LogHelper - HHH000204: Processing PersistenceUnitInfo [name: default]
2024-05-16 23:41:53 [main] INFO  org.hibernate.Version - HHH000412: Hibernate ORM core version 6.4.4.Final
2024-05-16 23:41:53 [main] INFO  o.h.c.i.RegionFactoryInitiator - HHH000026: Second-level cache disabled
2024-05-16 23:41:53 [main] INFO  o.s.o.j.p.SpringPersistenceUnitInfo - No LoadTimeWeaver setup: ignoring JPA class transformer
2024-05-16 23:41:53 [main] WARN  org.hibernate.dialect.Dialect - HHH000511: The 5.5.0 version for [org.hibernate.dialect.MySQLDialect] is no longer supported, hence certain features may not work properly. The minimum supported version is 8.0.0. Check the community dialects project for available legacy versions.
2024-05-16 23:41:54 [main] INFO  o.h.e.t.j.p.i.JtaPlatformInitiator - HHH000489: No JTA platform available (set 'hibernate.transaction.jta.platform' to enable JTA platform integration)
2024-05-16 23:41:54 [main] INFO  o.s.o.j.LocalContainerEntityManagerFactoryBean - Initialized JPA EntityManagerFactory for persistence unit 'default'
2024-05-16 23:41:55 [main] INFO  o.s.d.j.r.query.QueryEnhancerFactory - Hibernate is in classpath; If applicable, HQL parser will be used.
2024-05-16 23:41:55 [main] INFO  o.techspot.message.FirebaseConfig - Initializing Firebase
2024-05-16 23:41:55 [main] INFO  o.techspot.message.FirebaseConfig - Firebase Initialized
2024-05-16 23:41:56 [main] INFO  o.s.b.a.w.s.WelcomePageHandlerMapping - Adding welcome page: class path resource [static/index.html]
2024-05-16 23:41:56 [main] INFO  o.s.s.web.DefaultSecurityFilterChain - Will secure any request with [org.springframework.security.web.session.DisableEncodeUrlFilter@78c9502c, org.springframework.security.web.context.request.async.WebAsyncManagerIntegrationFilter@2ba89cb2, org.springframework.security.web.context.SecurityContextHolderFilter@685271b1, org.springframework.security.web.header.HeaderWriterFilter@6448679f, org.springframework.security.web.authentication.logout.LogoutFilter@2f074818, org.springframework.security.oauth2.client.web.OAuth2AuthorizationRequestRedirectFilter@69a12179, org.springframework.security.oauth2.client.web.OAuth2LoginAuthenticationFilter@3dbdc1f6, object_orienters.techspot.security.jwt.AuthTokenFilter@11d557a5, org.springframework.security.web.authentication.UsernamePasswordAuthenticationFilter@5df785d1, org.springframework.security.web.savedrequest.RequestCacheAwareFilter@34dd9ae1, org.springframework.security.web.servletapi.SecurityContextHolderAwareRequestFilter@5ae3f8e4, org.springframework.security.web.authentication.AnonymousAuthenticationFilter@4a105d1b, org.springframework.security.web.session.SessionManagementFilter@4a7812cb, org.springframework.security.web.access.ExceptionTranslationFilter@4047ca4d, org.springframework.security.web.access.intercept.AuthorizationFilter@3a0773]
2024-05-16 23:41:57 [main] INFO  o.a.coyote.http11.Http11NioProtocol - Starting ProtocolHandler ["http-nio-8080"]
2024-05-16 23:41:57 [main] INFO  o.s.b.w.e.tomcat.TomcatWebServer - Tomcat started on port 8080 (http) with context path ''
2024-05-16 23:41:57 [main] INFO  o.s.m.s.b.SimpleBrokerMessageHandler - Starting...
2024-05-16 23:41:57 [main] INFO  o.s.m.s.b.SimpleBrokerMessageHandler - BrokerAvailabilityEvent[available=true, SimpleBrokerMessageHandler [org.springframework.messaging.simp.broker.DefaultSubscriptionRegistry@3b641567]]
2024-05-16 23:41:57 [main] INFO  o.s.m.s.b.SimpleBrokerMessageHandler - Started.
2024-05-16 23:41:57 [main] INFO  o.techspot.TechspotApplication - Started TechspotApplication in 6.085 seconds (process running for 6.367)
2024-05-16 23:42:00 [http-nio-8080-exec-2] INFO  o.a.c.c.C.[Tomcat].[localhost].[/] - Initializing Spring DispatcherServlet 'dispatcherServlet'
2024-05-16 23:42:00 [http-nio-8080-exec-2] INFO  o.s.web.servlet.DispatcherServlet - Initializing Servlet 'dispatcherServlet'
2024-05-16 23:42:00 [http-nio-8080-exec-2] INFO  o.s.web.servlet.DispatcherServlet - Completed initialization in 2 ms
2024-05-16 23:42:00 [http-nio-8080-exec-2] INFO  o.techspot.security.AuthController - >>>>Regsitering User... @ 2024-05-16 23:42:00.961 <<<<
2024-05-16 23:42:01 [http-nio-8080-exec-2] INFO  o.techspot.security.AuthController - >>>>User User [email=Angela@bethlehem.edu, password=$2a$10$obOtHT8We3t3TeO7tWT45ua/tPTivAm1..bi1K1HYl6iNlPWnzlzq, username=Angela] Registered Successfully. @ 2024-05-16 23:42:01.239 <<<<
2024-05-16 23:42:14 [http-nio-8080-exec-3] ERROR o.techspot.security.jwt.JwtUtils - JWT token is expired: JWT expired at 2024-05-16T20:42:13Z. Current time: 2024-05-16T20:42:14Z, a difference of 1656 milliseconds.  Allowed clock skew: 0 milliseconds.
2024-05-16 23:42:19 [http-nio-8080-exec-4] INFO  o.techspot.security.AuthController - >>>>Authenticating User... @ 2024-05-16 23:42:19.386 <<<<
2024-05-16 23:42:19 [http-nio-8080-exec-4] INFO  o.techspot.security.AuthController - >>>>User User [email=Angela@bethlehem.edu, password=$2a$10$obOtHT8We3t3TeO7tWT45ua/tPTivAm1..bi1K1HYl6iNlPWnzlzq, username=Angela] Authenticated Successfully. @ 2024-05-16 23:42:19.562 <<<<
2024-05-16 23:42:29 [http-nio-8080-exec-5] INFO  o.techspot.post.PostController - >>>>Adding Post to Timeline... @ 2024-05-16 23:42:29.860 <<<<
2024-05-16 23:42:29 [http-nio-8080-exec-5] INFO  o.techspot.post.PostController - >>>>Post Added to Timeline. @ 2024-05-16 23:42:29.941 <<<<
2024-05-16 23:42:57 [MessageBroker-1] INFO  o.s.w.s.c.WebSocketMessageBrokerStats - WebSocketSession[0 current WS(0)-HttpStream(0)-HttpPoll(0), 0 total, 0 closed abnormally (0 connect failure, 0 send limit, 0 transport error)], stompSubProtocol[processed CONNECT(0)-CONNECTED(0)-DISCONNECT(0)], stompBrokerRelay[null], inboundChannel[pool size = 0, active threads = 0, queued tasks = 0, completed tasks = 0], outboundChannel[pool size = 0, active threads = 0, queued tasks = 0, completed tasks = 0], sockJsScheduler[pool size = 1, active threads = 1, queued tasks = 0, completed tasks = 0]
2024-05-16 23:43:12 [http-nio-8080-exec-6] INFO  o.techspot.post.PostController - >>>>Editing Post... @ 2024-05-16 23:43:12.627 <<<<
2024-05-16 23:43:12 [http-nio-8080-exec-6] INFO  o.techspot.post.PostController - >>>>Error Occurred:  Post With ID:2 Could Not Be Found. @ 2024-05-16 23:43:12.659 <<<<
2024-05-16 23:43:17 [http-nio-8080-exec-7] INFO  o.techspot.post.PostController - >>>>Editing Post... @ 2024-05-16 23:43:17.455 <<<<
2024-05-16 23:43:17 [http-nio-8080-exec-7] INFO  o.techspot.post.PostController - >>>>Post Edited. @ 2024-05-16 23:43:17.545 <<<<
2024-05-16 23:47:04 [http-nio-8080-exec-1] INFO  o.techspot.post.PostController - >>>>Deleting Post... @ 2024-05-16 23:47:04.447 <<<<
2024-05-16 23:47:04 [http-nio-8080-exec-1] INFO  o.techspot.post.PostController - >>>>Post Deleted. @ 2024-05-16 23:47:04.482 <<<<
2024-05-16 23:47:30 [http-nio-8080-exec-3] INFO  o.techspot.post.PostController - >>>>Adding Post to Timeline... @ 2024-05-16 23:47:30.463 <<<<
2024-05-16 23:47:30 [http-nio-8080-exec-3] INFO  o.techspot.post.PostController - >>>>Post Added to Timeline. @ 2024-05-16 23:47:30.509 <<<<
2024-05-16 23:47:48 [http-nio-8080-exec-4] INFO  o.techspot.post.PostController - >>>>Adding Post to Timeline... @ 2024-05-16 23:47:48.900 <<<<
2024-05-16 23:47:48 [http-nio-8080-exec-4] INFO  o.techspot.post.PostController - >>>>Post Added to Timeline. @ 2024-05-16 23:47:48.945 <<<<
2024-05-16 23:48:13 [http-nio-8080-exec-5] INFO  o.techspot.post.PostController - >>>>Editing Post... @ 2024-05-16 23:48:13.249 <<<<
2024-05-16 23:48:13 [http-nio-8080-exec-5] INFO  o.techspot.post.PostController - >>>>Post Edited. @ 2024-05-16 23:48:13.284 <<<<
2024-05-16 23:55:24 [background-preinit] INFO  o.h.validator.internal.util.Version - HV000001: Hibernate Validator 8.0.1.Final
2024-05-16 23:55:24 [main] INFO  o.techspot.TechspotApplication - Starting TechspotApplication using Java 21.0.2 with PID 9244 (C:\Users\youse\OneDrive\Desktop\UNIVERSITY\Spring 2024\SWER313 - SERVICE ORIENTED ARCHITECTURE\project-object-orienters\target\classes started by youse in C:\Users\youse\OneDrive\Desktop\UNIVERSITY\Spring 2024\SWER313 - SERVICE ORIENTED ARCHITECTURE\project-object-orienters)
2024-05-16 23:55:24 [main] INFO  o.techspot.TechspotApplication - No active profile set, falling back to 1 default profile: "default"
2024-05-16 23:55:25 [main] INFO  o.s.d.r.c.RepositoryConfigurationDelegate - Bootstrapping Spring Data JPA repositories in DEFAULT mode.
2024-05-16 23:55:25 [main] INFO  o.s.d.r.c.RepositoryConfigurationDelegate - Finished Spring Data repository scanning in 51 ms. Found 11 JPA repository interfaces.
2024-05-16 23:55:26 [main] INFO  o.s.b.w.e.tomcat.TomcatWebServer - Tomcat initialized with port 8080 (http)
2024-05-16 23:55:26 [main] INFO  o.a.coyote.http11.Http11NioProtocol - Initializing ProtocolHandler ["http-nio-8080"]
2024-05-16 23:55:26 [main] INFO  o.a.catalina.core.StandardService - Starting service [Tomcat]
2024-05-16 23:55:26 [main] INFO  o.a.catalina.core.StandardEngine - Starting Servlet engine: [Apache Tomcat/10.1.19]
2024-05-16 23:55:26 [main] INFO  o.a.c.c.C.[Tomcat].[localhost].[/] - Initializing Spring embedded WebApplicationContext
2024-05-16 23:55:26 [main] INFO  o.s.b.w.s.c.ServletWebServerApplicationContext - Root WebApplicationContext: initialization completed in 1418 ms
2024-05-16 23:55:26 [main] INFO  com.zaxxer.hikari.HikariDataSource - HikariPool-1 - Starting...
2024-05-16 23:55:26 [main] INFO  com.zaxxer.hikari.pool.HikariPool - HikariPool-1 - Added connection com.mysql.cj.jdbc.ConnectionImpl@b3857e2
2024-05-16 23:55:26 [main] INFO  com.zaxxer.hikari.HikariDataSource - HikariPool-1 - Start completed.
2024-05-16 23:55:26 [main] INFO  o.h.jpa.internal.util.LogHelper - HHH000204: Processing PersistenceUnitInfo [name: default]
2024-05-16 23:55:26 [main] INFO  org.hibernate.Version - HHH000412: Hibernate ORM core version 6.4.4.Final
2024-05-16 23:55:27 [main] INFO  o.h.c.i.RegionFactoryInitiator - HHH000026: Second-level cache disabled
2024-05-16 23:55:27 [main] INFO  o.s.o.j.p.SpringPersistenceUnitInfo - No LoadTimeWeaver setup: ignoring JPA class transformer
2024-05-16 23:55:27 [main] WARN  org.hibernate.dialect.Dialect - HHH000511: The 5.5.0 version for [org.hibernate.dialect.MySQLDialect] is no longer supported, hence certain features may not work properly. The minimum supported version is 8.0.0. Check the community dialects project for available legacy versions.
2024-05-16 23:55:27 [main] INFO  o.h.e.t.j.p.i.JtaPlatformInitiator - HHH000489: No JTA platform available (set 'hibernate.transaction.jta.platform' to enable JTA platform integration)
2024-05-16 23:55:28 [main] INFO  o.s.o.j.LocalContainerEntityManagerFactoryBean - Initialized JPA EntityManagerFactory for persistence unit 'default'
2024-05-16 23:55:28 [main] INFO  o.s.d.j.r.query.QueryEnhancerFactory - Hibernate is in classpath; If applicable, HQL parser will be used.
2024-05-16 23:55:28 [main] INFO  o.techspot.message.FirebaseConfig - Initializing Firebase
2024-05-16 23:55:28 [main] INFO  o.techspot.message.FirebaseConfig - Firebase Initialized
2024-05-16 23:55:29 [main] INFO  o.s.b.a.w.s.WelcomePageHandlerMapping - Adding welcome page: class path resource [static/index.html]
2024-05-16 23:55:29 [main] INFO  o.s.s.web.DefaultSecurityFilterChain - Will secure any request with [org.springframework.security.web.session.DisableEncodeUrlFilter@2d68af14, org.springframework.security.web.context.request.async.WebAsyncManagerIntegrationFilter@4a24170b, org.springframework.security.web.context.SecurityContextHolderFilter@7da298aa, org.springframework.security.web.header.HeaderWriterFilter@18a8a42b, org.springframework.security.web.authentication.logout.LogoutFilter@75600bdb, org.springframework.security.oauth2.client.web.OAuth2AuthorizationRequestRedirectFilter@4ea78b91, org.springframework.security.oauth2.client.web.OAuth2LoginAuthenticationFilter@329ab624, object_orienters.techspot.security.jwt.AuthTokenFilter@50ad5625, org.springframework.security.web.authentication.UsernamePasswordAuthenticationFilter@401358e5, org.springframework.security.web.savedrequest.RequestCacheAwareFilter@44bd3dc5, org.springframework.security.web.servletapi.SecurityContextHolderAwareRequestFilter@77ea06bb, org.springframework.security.web.authentication.AnonymousAuthenticationFilter@10aabada, org.springframework.security.web.session.SessionManagementFilter@500497e3, org.springframework.security.web.access.ExceptionTranslationFilter@53b2e5, org.springframework.security.web.access.intercept.AuthorizationFilter@728055bf]
2024-05-16 23:55:30 [main] INFO  o.a.coyote.http11.Http11NioProtocol - Starting ProtocolHandler ["http-nio-8080"]
2024-05-16 23:55:30 [main] INFO  o.s.b.w.e.tomcat.TomcatWebServer - Tomcat started on port 8080 (http) with context path ''
2024-05-16 23:55:30 [main] INFO  o.s.m.s.b.SimpleBrokerMessageHandler - Starting...
2024-05-16 23:55:30 [main] INFO  o.s.m.s.b.SimpleBrokerMessageHandler - BrokerAvailabilityEvent[available=true, SimpleBrokerMessageHandler [org.springframework.messaging.simp.broker.DefaultSubscriptionRegistry@77e37e59]]
2024-05-16 23:55:30 [main] INFO  o.s.m.s.b.SimpleBrokerMessageHandler - Started.
2024-05-16 23:55:30 [main] INFO  o.techspot.TechspotApplication - Started TechspotApplication in 5.533 seconds (process running for 5.994)
2024-05-16 23:55:37 [http-nio-8080-exec-2] INFO  o.a.c.c.C.[Tomcat].[localhost].[/] - Initializing Spring DispatcherServlet 'dispatcherServlet'
2024-05-16 23:55:37 [http-nio-8080-exec-2] INFO  o.s.web.servlet.DispatcherServlet - Initializing Servlet 'dispatcherServlet'
2024-05-16 23:55:37 [http-nio-8080-exec-2] INFO  o.s.web.servlet.DispatcherServlet - Completed initialization in 2 ms
2024-05-16 23:55:37 [http-nio-8080-exec-2] INFO  o.techspot.post.PostController - >>>>Adding Post to Timeline... @ 2024-05-16 23:55:37.459 <<<<
2024-05-16 23:55:37 [http-nio-8080-exec-2] INFO  o.techspot.post.PostController - >>>>Post Added to Timeline. @ 2024-05-16 23:55:37.575 <<<<
2024-05-16 23:55:50 [http-nio-8080-exec-3] INFO  o.techspot.post.PostController - >>>>Adding Post to Timeline... @ 2024-05-16 23:55:50.760 <<<<
2024-05-16 23:55:50 [http-nio-8080-exec-3] INFO  o.techspot.post.PostController - >>>>Post Added to Timeline. @ 2024-05-16 23:55:50.805 <<<<
2024-05-16 23:56:25 [http-nio-8080-exec-4] INFO  o.techspot.post.PostController - >>>>Editing Post... @ 2024-05-16 23:56:25.137 <<<<
2024-05-16 23:56:25 [http-nio-8080-exec-4] INFO  o.techspot.post.PostController - >>>>Post Edited. @ 2024-05-16 23:56:25.185 <<<<
2024-05-16 23:56:30 [MessageBroker-1] INFO  o.s.w.s.c.WebSocketMessageBrokerStats - WebSocketSession[0 current WS(0)-HttpStream(0)-HttpPoll(0), 0 total, 0 closed abnormally (0 connect failure, 0 send limit, 0 transport error)], stompSubProtocol[processed CONNECT(0)-CONNECTED(0)-DISCONNECT(0)], stompBrokerRelay[null], inboundChannel[pool size = 0, active threads = 0, queued tasks = 0, completed tasks = 0], outboundChannel[pool size = 0, active threads = 0, queued tasks = 0, completed tasks = 0], sockJsScheduler[pool size = 1, active threads = 1, queued tasks = 0, completed tasks = 0]
2024-05-16 23:57:10 [background-preinit] INFO  o.h.validator.internal.util.Version - HV000001: Hibernate Validator 8.0.1.Final
2024-05-16 23:57:10 [main] INFO  o.techspot.TechspotApplication - Starting TechspotApplication using Java 21.0.2 with PID 4884 (C:\Users\youse\OneDrive\Desktop\UNIVERSITY\Spring 2024\SWER313 - SERVICE ORIENTED ARCHITECTURE\project-object-orienters\target\classes started by youse in C:\Users\youse\OneDrive\Desktop\UNIVERSITY\Spring 2024\SWER313 - SERVICE ORIENTED ARCHITECTURE\project-object-orienters)
2024-05-16 23:57:10 [main] INFO  o.techspot.TechspotApplication - No active profile set, falling back to 1 default profile: "default"
2024-05-16 23:57:11 [main] INFO  o.s.d.r.c.RepositoryConfigurationDelegate - Bootstrapping Spring Data JPA repositories in DEFAULT mode.
2024-05-16 23:57:11 [main] INFO  o.s.d.r.c.RepositoryConfigurationDelegate - Finished Spring Data repository scanning in 60 ms. Found 11 JPA repository interfaces.
2024-05-16 23:57:12 [main] INFO  o.s.b.w.e.tomcat.TomcatWebServer - Tomcat initialized with port 8080 (http)
2024-05-16 23:57:12 [main] INFO  o.a.coyote.http11.Http11NioProtocol - Initializing ProtocolHandler ["http-nio-8080"]
2024-05-16 23:57:12 [main] INFO  o.a.catalina.core.StandardService - Starting service [Tomcat]
2024-05-16 23:57:12 [main] INFO  o.a.catalina.core.StandardEngine - Starting Servlet engine: [Apache Tomcat/10.1.19]
2024-05-16 23:57:12 [main] INFO  o.a.c.c.C.[Tomcat].[localhost].[/] - Initializing Spring embedded WebApplicationContext
2024-05-16 23:57:12 [main] INFO  o.s.b.w.s.c.ServletWebServerApplicationContext - Root WebApplicationContext: initialization completed in 1560 ms
2024-05-16 23:57:12 [main] INFO  com.zaxxer.hikari.HikariDataSource - HikariPool-1 - Starting...
2024-05-16 23:57:12 [main] INFO  com.zaxxer.hikari.pool.HikariPool - HikariPool-1 - Added connection com.mysql.cj.jdbc.ConnectionImpl@35e74e08
2024-05-16 23:57:12 [main] INFO  com.zaxxer.hikari.HikariDataSource - HikariPool-1 - Start completed.
2024-05-16 23:57:13 [main] INFO  o.h.jpa.internal.util.LogHelper - HHH000204: Processing PersistenceUnitInfo [name: default]
2024-05-16 23:57:13 [main] INFO  org.hibernate.Version - HHH000412: Hibernate ORM core version 6.4.4.Final
2024-05-16 23:57:13 [main] INFO  o.h.c.i.RegionFactoryInitiator - HHH000026: Second-level cache disabled
2024-05-16 23:57:13 [main] INFO  o.s.o.j.p.SpringPersistenceUnitInfo - No LoadTimeWeaver setup: ignoring JPA class transformer
2024-05-16 23:57:13 [main] WARN  org.hibernate.dialect.Dialect - HHH000511: The 5.5.0 version for [org.hibernate.dialect.MySQLDialect] is no longer supported, hence certain features may not work properly. The minimum supported version is 8.0.0. Check the community dialects project for available legacy versions.
2024-05-16 23:57:14 [main] INFO  o.h.e.t.j.p.i.JtaPlatformInitiator - HHH000489: No JTA platform available (set 'hibernate.transaction.jta.platform' to enable JTA platform integration)
2024-05-16 23:57:14 [main] INFO  o.s.o.j.LocalContainerEntityManagerFactoryBean - Initialized JPA EntityManagerFactory for persistence unit 'default'
2024-05-16 23:57:14 [main] INFO  o.s.d.j.r.query.QueryEnhancerFactory - Hibernate is in classpath; If applicable, HQL parser will be used.
2024-05-16 23:57:15 [main] INFO  o.techspot.message.FirebaseConfig - Initializing Firebase
2024-05-16 23:57:15 [main] INFO  o.techspot.message.FirebaseConfig - Firebase Initialized
2024-05-16 23:57:15 [main] INFO  o.s.b.a.w.s.WelcomePageHandlerMapping - Adding welcome page: class path resource [static/index.html]
2024-05-16 23:57:16 [main] INFO  o.s.s.web.DefaultSecurityFilterChain - Will secure any request with [org.springframework.security.web.session.DisableEncodeUrlFilter@37353030, org.springframework.security.web.context.request.async.WebAsyncManagerIntegrationFilter@418ee41b, org.springframework.security.web.context.SecurityContextHolderFilter@780a021b, org.springframework.security.web.header.HeaderWriterFilter@2682fe42, org.springframework.security.web.authentication.logout.LogoutFilter@25478603, org.springframework.security.oauth2.client.web.OAuth2AuthorizationRequestRedirectFilter@22a9170c, org.springframework.security.oauth2.client.web.OAuth2LoginAuthenticationFilter@4e370f52, object_orienters.techspot.security.jwt.AuthTokenFilter@56afbace, org.springframework.security.web.authentication.UsernamePasswordAuthenticationFilter@24cc60ef, org.springframework.security.web.savedrequest.RequestCacheAwareFilter@6f46764d, org.springframework.security.web.servletapi.SecurityContextHolderAwareRequestFilter@a95c1f6, org.springframework.security.web.authentication.AnonymousAuthenticationFilter@6822fdd, org.springframework.security.web.session.SessionManagementFilter@1b3a8691, org.springframework.security.web.access.ExceptionTranslationFilter@409f9dca, org.springframework.security.web.access.intercept.AuthorizationFilter@62225578]
2024-05-16 23:57:16 [main] INFO  o.a.coyote.http11.Http11NioProtocol - Starting ProtocolHandler ["http-nio-8080"]
2024-05-16 23:57:16 [main] INFO  o.s.b.w.e.tomcat.TomcatWebServer - Tomcat started on port 8080 (http) with context path ''
2024-05-16 23:57:16 [main] INFO  o.s.m.s.b.SimpleBrokerMessageHandler - Starting...
2024-05-16 23:57:16 [main] INFO  o.s.m.s.b.SimpleBrokerMessageHandler - BrokerAvailabilityEvent[available=true, SimpleBrokerMessageHandler [org.springframework.messaging.simp.broker.DefaultSubscriptionRegistry@60c44f6f]]
2024-05-16 23:57:16 [main] INFO  o.s.m.s.b.SimpleBrokerMessageHandler - Started.
2024-05-16 23:57:16 [main] INFO  o.techspot.TechspotApplication - Started TechspotApplication in 5.705 seconds (process running for 5.992)
2024-05-16 23:57:28 [http-nio-8080-exec-3] INFO  o.a.c.c.C.[Tomcat].[localhost].[/] - Initializing Spring DispatcherServlet 'dispatcherServlet'
2024-05-16 23:57:28 [http-nio-8080-exec-3] INFO  o.s.web.servlet.DispatcherServlet - Initializing Servlet 'dispatcherServlet'
2024-05-16 23:57:28 [http-nio-8080-exec-3] INFO  o.s.web.servlet.DispatcherServlet - Completed initialization in 1 ms
2024-05-16 23:57:28 [http-nio-8080-exec-3] INFO  o.techspot.post.PostController - >>>>Editing Post... @ 2024-05-16 23:57:28.559 <<<<
2024-05-16 23:57:28 [http-nio-8080-exec-3] INFO  o.techspot.post.PostController - >>>>Post Edited. @ 2024-05-16 23:57:28.687 <<<<
2024-05-16 23:57:44 [http-nio-8080-exec-4] INFO  o.techspot.post.PostController - >>>>Adding Post to Timeline... @ 2024-05-16 23:57:44.022 <<<<
2024-05-16 23:57:44 [http-nio-8080-exec-4] INFO  o.techspot.post.PostController - >>>>Post Added to Timeline. @ 2024-05-16 23:57:44.067 <<<<
2024-05-16 23:58:25 [background-preinit] INFO  o.h.validator.internal.util.Version - HV000001: Hibernate Validator 8.0.1.Final
2024-05-16 23:58:25 [main] INFO  o.techspot.TechspotApplication - Starting TechspotApplication using Java 21.0.2 with PID 30556 (C:\Users\youse\OneDrive\Desktop\UNIVERSITY\Spring 2024\SWER313 - SERVICE ORIENTED ARCHITECTURE\project-object-orienters\target\classes started by youse in C:\Users\youse\OneDrive\Desktop\UNIVERSITY\Spring 2024\SWER313 - SERVICE ORIENTED ARCHITECTURE\project-object-orienters)
2024-05-16 23:58:25 [main] INFO  o.techspot.TechspotApplication - No active profile set, falling back to 1 default profile: "default"
2024-05-16 23:58:26 [main] INFO  o.s.d.r.c.RepositoryConfigurationDelegate - Bootstrapping Spring Data JPA repositories in DEFAULT mode.
2024-05-16 23:58:26 [main] INFO  o.s.d.r.c.RepositoryConfigurationDelegate - Finished Spring Data repository scanning in 55 ms. Found 11 JPA repository interfaces.
2024-05-16 23:58:26 [main] INFO  o.s.b.w.e.tomcat.TomcatWebServer - Tomcat initialized with port 8080 (http)
2024-05-16 23:58:26 [main] INFO  o.a.coyote.http11.Http11NioProtocol - Initializing ProtocolHandler ["http-nio-8080"]
2024-05-16 23:58:26 [main] INFO  o.a.catalina.core.StandardService - Starting service [Tomcat]
2024-05-16 23:58:26 [main] INFO  o.a.catalina.core.StandardEngine - Starting Servlet engine: [Apache Tomcat/10.1.19]
2024-05-16 23:58:27 [main] INFO  o.a.c.c.C.[Tomcat].[localhost].[/] - Initializing Spring embedded WebApplicationContext
2024-05-16 23:58:27 [main] INFO  o.s.b.w.s.c.ServletWebServerApplicationContext - Root WebApplicationContext: initialization completed in 1528 ms
2024-05-16 23:58:27 [main] INFO  com.zaxxer.hikari.HikariDataSource - HikariPool-1 - Starting...
2024-05-16 23:58:27 [main] INFO  com.zaxxer.hikari.pool.HikariPool - HikariPool-1 - Added connection com.mysql.cj.jdbc.ConnectionImpl@b3857e2
2024-05-16 23:58:27 [main] INFO  com.zaxxer.hikari.HikariDataSource - HikariPool-1 - Start completed.
2024-05-16 23:58:27 [main] INFO  o.h.jpa.internal.util.LogHelper - HHH000204: Processing PersistenceUnitInfo [name: default]
2024-05-16 23:58:27 [main] INFO  org.hibernate.Version - HHH000412: Hibernate ORM core version 6.4.4.Final
2024-05-16 23:58:27 [main] INFO  o.h.c.i.RegionFactoryInitiator - HHH000026: Second-level cache disabled
2024-05-16 23:58:27 [main] INFO  o.s.o.j.p.SpringPersistenceUnitInfo - No LoadTimeWeaver setup: ignoring JPA class transformer
2024-05-16 23:58:27 [main] WARN  org.hibernate.dialect.Dialect - HHH000511: The 5.5.0 version for [org.hibernate.dialect.MySQLDialect] is no longer supported, hence certain features may not work properly. The minimum supported version is 8.0.0. Check the community dialects project for available legacy versions.
2024-05-16 23:58:28 [main] INFO  o.h.e.t.j.p.i.JtaPlatformInitiator - HHH000489: No JTA platform available (set 'hibernate.transaction.jta.platform' to enable JTA platform integration)
2024-05-16 23:58:28 [main] INFO  o.s.o.j.LocalContainerEntityManagerFactoryBean - Initialized JPA EntityManagerFactory for persistence unit 'default'
2024-05-16 23:58:29 [main] INFO  o.s.d.j.r.query.QueryEnhancerFactory - Hibernate is in classpath; If applicable, HQL parser will be used.
2024-05-16 23:58:29 [main] INFO  o.techspot.message.FirebaseConfig - Initializing Firebase
2024-05-16 23:58:29 [main] INFO  o.techspot.message.FirebaseConfig - Firebase Initialized
2024-05-16 23:58:30 [main] INFO  o.s.b.a.w.s.WelcomePageHandlerMapping - Adding welcome page: class path resource [static/index.html]
2024-05-16 23:58:30 [main] INFO  o.s.s.web.DefaultSecurityFilterChain - Will secure any request with [org.springframework.security.web.session.DisableEncodeUrlFilter@2d68af14, org.springframework.security.web.context.request.async.WebAsyncManagerIntegrationFilter@4a24170b, org.springframework.security.web.context.SecurityContextHolderFilter@7da298aa, org.springframework.security.web.header.HeaderWriterFilter@18a8a42b, org.springframework.security.web.authentication.logout.LogoutFilter@75600bdb, org.springframework.security.oauth2.client.web.OAuth2AuthorizationRequestRedirectFilter@4ea78b91, org.springframework.security.oauth2.client.web.OAuth2LoginAuthenticationFilter@329ab624, object_orienters.techspot.security.jwt.AuthTokenFilter@1c5f6292, org.springframework.security.web.authentication.UsernamePasswordAuthenticationFilter@401358e5, org.springframework.security.web.savedrequest.RequestCacheAwareFilter@44bd3dc5, org.springframework.security.web.servletapi.SecurityContextHolderAwareRequestFilter@77ea06bb, org.springframework.security.web.authentication.AnonymousAuthenticationFilter@10aabada, org.springframework.security.web.session.SessionManagementFilter@500497e3, org.springframework.security.web.access.ExceptionTranslationFilter@53b2e5, org.springframework.security.web.access.intercept.AuthorizationFilter@728055bf]
2024-05-16 23:58:30 [main] INFO  o.a.coyote.http11.Http11NioProtocol - Starting ProtocolHandler ["http-nio-8080"]
2024-05-16 23:58:30 [main] INFO  o.s.b.w.e.tomcat.TomcatWebServer - Tomcat started on port 8080 (http) with context path ''
2024-05-16 23:58:30 [main] INFO  o.s.m.s.b.SimpleBrokerMessageHandler - Starting...
2024-05-16 23:58:30 [main] INFO  o.s.m.s.b.SimpleBrokerMessageHandler - BrokerAvailabilityEvent[available=true, SimpleBrokerMessageHandler [org.springframework.messaging.simp.broker.DefaultSubscriptionRegistry@77e37e59]]
2024-05-16 23:58:30 [main] INFO  o.s.m.s.b.SimpleBrokerMessageHandler - Started.
2024-05-16 23:58:30 [main] INFO  o.techspot.TechspotApplication - Started TechspotApplication in 5.698 seconds (process running for 6.14)
2024-05-16 23:58:37 [http-nio-8080-exec-2] INFO  o.a.c.c.C.[Tomcat].[localhost].[/] - Initializing Spring DispatcherServlet 'dispatcherServlet'
2024-05-16 23:58:37 [http-nio-8080-exec-2] INFO  o.s.web.servlet.DispatcherServlet - Initializing Servlet 'dispatcherServlet'
2024-05-16 23:58:37 [http-nio-8080-exec-2] INFO  o.s.web.servlet.DispatcherServlet - Completed initialization in 1 ms
2024-05-16 23:58:37 [http-nio-8080-exec-2] INFO  o.techspot.post.PostController - >>>>Editing Post... @ 2024-05-16 23:58:37.573 <<<<
2024-05-16 23:58:37 [http-nio-8080-exec-2] INFO  o.techspot.post.PostController - >>>>Post Edited. @ 2024-05-16 23:58:37.681 <<<<
2024-05-16 23:59:17 [background-preinit] INFO  o.h.validator.internal.util.Version - HV000001: Hibernate Validator 8.0.1.Final
2024-05-16 23:59:17 [main] INFO  o.techspot.TechspotApplication - Starting TechspotApplication using Java 21.0.2 with PID 4256 (C:\Users\youse\OneDrive\Desktop\UNIVERSITY\Spring 2024\SWER313 - SERVICE ORIENTED ARCHITECTURE\project-object-orienters\target\classes started by youse in C:\Users\youse\OneDrive\Desktop\UNIVERSITY\Spring 2024\SWER313 - SERVICE ORIENTED ARCHITECTURE\project-object-orienters)
2024-05-16 23:59:17 [main] INFO  o.techspot.TechspotApplication - No active profile set, falling back to 1 default profile: "default"
2024-05-16 23:59:18 [main] INFO  o.s.d.r.c.RepositoryConfigurationDelegate - Bootstrapping Spring Data JPA repositories in DEFAULT mode.
2024-05-16 23:59:18 [main] INFO  o.s.d.r.c.RepositoryConfigurationDelegate - Finished Spring Data repository scanning in 68 ms. Found 11 JPA repository interfaces.
2024-05-16 23:59:19 [main] INFO  o.s.b.w.e.tomcat.TomcatWebServer - Tomcat initialized with port 8080 (http)
2024-05-16 23:59:19 [main] INFO  o.a.coyote.http11.Http11NioProtocol - Initializing ProtocolHandler ["http-nio-8080"]
2024-05-16 23:59:19 [main] INFO  o.a.catalina.core.StandardService - Starting service [Tomcat]
2024-05-16 23:59:19 [main] INFO  o.a.catalina.core.StandardEngine - Starting Servlet engine: [Apache Tomcat/10.1.19]
2024-05-16 23:59:19 [main] INFO  o.a.c.c.C.[Tomcat].[localhost].[/] - Initializing Spring embedded WebApplicationContext
2024-05-16 23:59:19 [main] INFO  o.s.b.w.s.c.ServletWebServerApplicationContext - Root WebApplicationContext: initialization completed in 1644 ms
2024-05-16 23:59:19 [main] INFO  com.zaxxer.hikari.HikariDataSource - HikariPool-1 - Starting...
2024-05-16 23:59:19 [main] INFO  com.zaxxer.hikari.pool.HikariPool - HikariPool-1 - Added connection com.mysql.cj.jdbc.ConnectionImpl@26a4f9ed
2024-05-16 23:59:19 [main] INFO  com.zaxxer.hikari.HikariDataSource - HikariPool-1 - Start completed.
2024-05-16 23:59:20 [main] INFO  o.h.jpa.internal.util.LogHelper - HHH000204: Processing PersistenceUnitInfo [name: default]
2024-05-16 23:59:20 [main] INFO  org.hibernate.Version - HHH000412: Hibernate ORM core version 6.4.4.Final
2024-05-16 23:59:20 [main] INFO  o.h.c.i.RegionFactoryInitiator - HHH000026: Second-level cache disabled
2024-05-16 23:59:20 [main] INFO  o.s.o.j.p.SpringPersistenceUnitInfo - No LoadTimeWeaver setup: ignoring JPA class transformer
2024-05-16 23:59:20 [main] WARN  org.hibernate.dialect.Dialect - HHH000511: The 5.5.0 version for [org.hibernate.dialect.MySQLDialect] is no longer supported, hence certain features may not work properly. The minimum supported version is 8.0.0. Check the community dialects project for available legacy versions.
2024-05-16 23:59:21 [main] INFO  o.h.e.t.j.p.i.JtaPlatformInitiator - HHH000489: No JTA platform available (set 'hibernate.transaction.jta.platform' to enable JTA platform integration)
2024-05-16 23:59:21 [main] INFO  o.s.o.j.LocalContainerEntityManagerFactoryBean - Initialized JPA EntityManagerFactory for persistence unit 'default'
2024-05-16 23:59:21 [main] INFO  o.s.d.j.r.query.QueryEnhancerFactory - Hibernate is in classpath; If applicable, HQL parser will be used.
2024-05-16 23:59:22 [main] INFO  o.techspot.message.FirebaseConfig - Initializing Firebase
2024-05-16 23:59:22 [main] INFO  o.techspot.message.FirebaseConfig - Firebase Initialized
2024-05-16 23:59:23 [main] INFO  o.s.b.a.w.s.WelcomePageHandlerMapping - Adding welcome page: class path resource [static/index.html]
2024-05-16 23:59:23 [main] INFO  o.s.s.web.DefaultSecurityFilterChain - Will secure any request with [org.springframework.security.web.session.DisableEncodeUrlFilter@1bf00a6f, org.springframework.security.web.context.request.async.WebAsyncManagerIntegrationFilter@5da1d91, org.springframework.security.web.context.SecurityContextHolderFilter@a95c1f6, org.springframework.security.web.header.HeaderWriterFilter@57d1e089, org.springframework.security.web.authentication.logout.LogoutFilter@bab7179, org.springframework.security.oauth2.client.web.OAuth2AuthorizationRequestRedirectFilter@4e370f52, org.springframework.security.oauth2.client.web.OAuth2LoginAuthenticationFilter@37353030, object_orienters.techspot.security.jwt.AuthTokenFilter@2bef33e7, org.springframework.security.web.authentication.UsernamePasswordAuthenticationFilter@418ee41b, org.springframework.security.web.savedrequest.RequestCacheAwareFilter@4d6f8691, org.springframework.security.web.servletapi.SecurityContextHolderAwareRequestFilter@11c7756f, org.springframework.security.web.authentication.AnonymousAuthenticationFilter@33c28f0d, org.springframework.security.web.session.SessionManagementFilter@780a021b, org.springframework.security.web.access.ExceptionTranslationFilter@27f73e68, org.springframework.security.web.access.intercept.AuthorizationFilter@31201bf6]
2024-05-16 23:59:24 [main] INFO  o.a.coyote.http11.Http11NioProtocol - Starting ProtocolHandler ["http-nio-8080"]
2024-05-16 23:59:24 [main] INFO  o.s.b.w.e.tomcat.TomcatWebServer - Tomcat started on port 8080 (http) with context path ''
2024-05-16 23:59:24 [main] INFO  o.s.m.s.b.SimpleBrokerMessageHandler - Starting...
2024-05-16 23:59:24 [main] INFO  o.s.m.s.b.SimpleBrokerMessageHandler - BrokerAvailabilityEvent[available=true, SimpleBrokerMessageHandler [org.springframework.messaging.simp.broker.DefaultSubscriptionRegistry@618a237f]]
2024-05-16 23:59:24 [main] INFO  o.s.m.s.b.SimpleBrokerMessageHandler - Started.
2024-05-16 23:59:24 [main] INFO  o.techspot.TechspotApplication - Started TechspotApplication in 6.442 seconds (process running for 6.739)
2024-05-16 23:59:30 [http-nio-8080-exec-1] INFO  o.a.c.c.C.[Tomcat].[localhost].[/] - Initializing Spring DispatcherServlet 'dispatcherServlet'
2024-05-16 23:59:30 [http-nio-8080-exec-1] INFO  o.s.web.servlet.DispatcherServlet - Initializing Servlet 'dispatcherServlet'
2024-05-16 23:59:30 [http-nio-8080-exec-1] INFO  o.s.web.servlet.DispatcherServlet - Completed initialization in 0 ms
2024-05-16 23:59:30 [http-nio-8080-exec-1] INFO  o.techspot.post.PostController - >>>>Editing Post... @ 2024-05-16 23:59:30.690 <<<<
2024-05-16 23:59:30 [http-nio-8080-exec-1] INFO  o.techspot.post.PostController - >>>>Post Edited. @ 2024-05-16 23:59:30.773 <<<<
